#
# A fatal error has been detected by the Java Runtime Environment:
#
#  SIGSEGV (0xb) at pc=0x00007f7061bd698e, pid=11279, tid=11298
#
# JRE version: OpenJDK Runtime Environment (11.0.6+10) (build 11.0.6+10-post-Debian-1deb10u1)
# Java VM: OpenJDK 64-Bit Server VM (11.0.6+10-post-Debian-1deb10u1, mixed mode, sharing, tiered, compressed oops, g1 gc, linux-amd64)
# Problematic frame:
# V  [libjvm.so+0x9f998e]
#
# No core dump will be written. Core dumps have been disabled. To enable core dumping, try "ulimit -c unlimited" before starting Java again
#
# If you would like to submit a bug report, please visit:
#   https://bugs.debian.org/openjdk-11
#

---------------  S U M M A R Y ------------

Command Line: /home/user/workspace/Opensilex/opensilex-dev/opensilex-sparql/target/surefire/surefirebooter13138669811324569844.jar /home/user/workspace/Opensilex/opensilex-dev/opensilex-sparql/target/surefire 2020-04-01T13-05-29_587-jvmRun1 surefire670656782970513458tmp surefire_110423793201679152938tmp

Host: Intel(R) Core(TM) i5-2500K CPU @ 3.30GHz, 4 cores, 11G, Debian GNU/Linux 10 (buster)
Time: Wed Apr  1 13:05:46 2020 CEST elapsed time: 1 seconds (0d 0h 0m 1s)

---------------  T H R E A D  ---------------

Current thread (0x00007f7008086800):  JavaThread "C2 CompilerThread1" daemon [_thread_in_native, id=11298, stack(0x00007f70380c2000,0x00007f70381c3000)]


Current CompileTask:
C2:   1309 1351   !   4       java.util.zip.InflaterInputStream::read (138 bytes)

Stack: [0x00007f70380c2000,0x00007f70381c3000],  sp=0x00007f70381bdd00,  free space=1007k
Native frames: (J=compiled Java code, A=aot compiled Java code, j=interpreted, Vv=VM code, C=native code)
V  [libjvm.so+0x9f998e]
V  [libjvm.so+0x9fb56c]
V  [libjvm.so+0x9fb52e]
V  [libjvm.so+0x9fc065]
V  [libjvm.so+0x5c20bc]
V  [libjvm.so+0x5c31b3]
V  [libjvm.so+0x4edbbc]
V  [libjvm.so+0x5cc1d7]
V  [libjvm.so+0x5cd4f8]
V  [libjvm.so+0xcc48e4]
V  [libjvm.so+0xcc4be0]
V  [libjvm.so+0xcc0894]
V  [libjvm.so+0xb3511e]


siginfo: si_signo: 11 (SIGSEGV), si_code: 128 (SI_KERNEL), si_addr: 0x0000000000000000

Register to memory mapping:

RAX=0x00007f70381bedc0 is pointing into the stack for thread: 0x00007f7008086800
RBX=0x00007f70141daff0 points into unknown readable memory: 20 62 1d 14 70 7f 00 00
RCX=0x00007f70141daff0 points into unknown readable memory: 20 62 1d 14 70 7f 00 00
RDX=0x00007f70381bde28 is pointing into the stack for thread: 0x00007f7008086800
RSP=0x00007f70381bdd00 is pointing into the stack for thread: 0x00007f7008086800
RBP=0x00007f70381bde10 is pointing into the stack for thread: 0x00007f7008086800
RSI=0x00007f70082b59a8 points into unknown readable memory: f8 2d 26 62 70 7f 00 00
RDI=0x00007f70381bf7e0 is pointing into the stack for thread: 0x00007f7008086800
R8 =0x0 is NULL
R9 =0x00007f70140fbdf8 points into unknown readable memory: a8 75 25 62 70 7f 00 00
R10=0x0000000000000090 is an unknown value
R11=0x0000000000000001 is an unknown value
R12=0x00007f70381bde28 is pointing into the stack for thread: 0x00007f7008086800
R13=0x00007f70381bf7e0 is pointing into the stack for thread: 0x00007f7008086800
R14=0x00007f705cbd6998 points into unknown readable memory: b0 ad 24 62 70 7f 00 00
R15=0x00007f70080acd88 points into unknown readable memory: 70 34 25 62 70 7f 00 00


Registers:
RAX=0x00007f70381bedc0, RBX=0x00007f70141daff0, RCX=0x00007f70141daff0, RDX=0x00007f70381bde28
RSP=0x00007f70381bdd00, RBP=0x00007f70381bde10, RSI=0x00007f70082b59a8, RDI=0x00007f70381bf7e0
R8 =0x0000000000000000, R9 =0x00007f70140fbdf8, R10=0x0000000000000090, R11=0x0000000000000001
R12=0x00007f70381bde28, R13=0x00007f70381bf7e0, R14=0x00007f705cbd6998, R15=0x00007f70080acd88
RIP=0x00007f7061bd698e, EFLAGS=0x0000000000010202, CSGSFS=0x002b000000000033, ERR=0x0000000000000000
  TRAPNO=0x000000000000000d

Top of Stack: (sp=0x00007f70381bdd00)
0x00007f70381bdd00:   00007f70381bf7e0 1a5d301389cc1300
0x00007f70381bdd10:   00007f70381bdd90 00007f70142df930
0x00007f70381bdd20:   00007f70080214b0 0000000000000000
0x00007f70381bdd30:   00007f70381bdd80 00007f7061bd142c 

Instructions: (pc=0x00007f7061bd698e)
0x00007f7061bd688e:   40 18 4c 89 2c f0 e9 21 fd ff ff 0f 1f 80 00 00
0x00007f7061bd689e:   00 00 44 89 e6 49 8d 7e 20 48 89 45 c8 e8 e0 9e
0x00007f7061bd68ae:   10 00 48 8b 45 c8 e9 75 fa ff ff 0f 1f 80 00 00
0x00007f7061bd68be:   00 00 48 8b 7d b0 89 de e8 c5 9e 10 00 e9 3e fe
0x00007f7061bd68ce:   ff ff 48 8b 7d b0 89 de e8 b5 9e 10 00 e9 c4 fd
0x00007f7061bd68de:   ff ff 4c 89 79 10 e9 7f fd ff ff 0f 1f 80 00 00
0x00007f7061bd68ee:   00 00 89 c6 49 8d bd d8 09 00 00 89 45 a8 e8 8f
0x00007f7061bd68fe:   9e 10 00 8b 45 a8 e9 91 fe ff ff 0f 1f 80 00 00
0x00007f7061bd690e:   00 00 48 89 c7 48 89 45 a8 e8 24 bb a3 ff 48 8b
0x00007f7061bd691e:   45 a8 48 63 30 e9 5f ff ff ff 0f 1f 84 00 00 00
0x00007f7061bd692e:   00 00 55 48 89 e5 41 57 41 56 41 55 41 54 53 48
0x00007f7061bd693e:   81 ec e8 00 00 00 48 8b 46 08 48 83 38 00 74 72
0x00007f7061bd694e:   83 7e 18 03 75 6c 48 8b 0a f6 41 59 01 75 63 4c
0x00007f7061bd695e:   8b 78 08 4c 8b 70 10 4d 85 ff 74 56 4d 85 f6 74
0x00007f7061bd696e:   51 49 83 7f 10 00 74 4a 49 83 7e 10 00 74 43 48
0x00007f7061bd697e:   8b 87 88 09 00 00 49 89 fd 49 89 d4 48 89 75 90
0x00007f7061bd698e:   4c 89 f7 48 89 45 98 49 8b 06 ff 10 3d f6 00 00
0x00007f7061bd699e:   00 0f 84 fb 0c 00 00 49 8b 06 4c 89 f7 ff 10 89
0x00007f7061bd69ae:   c3 8d 80 67 ff ff ff 83 f8 01 76 1e 66 0f 1f 44
0x00007f7061bd69be:   00 00 45 31 ff 48 8d 65 d8 44 89 f8 5b 41 5c 41
0x00007f7061bd69ce:   5d 41 5e 41 5f 5d c3 0f 1f 00 49 8b 46 08 4c 89
0x00007f7061bd69de:   ef 48 8b 08 48 89 ce 48 89 4d 88 e8 02 20 ff ff
0x00007f7061bd69ee:   49 3b 04 24 75 cc 48 8b 4d 88 48 8b 41 08 48 8b
0x00007f7061bd69fe:   78 08 0f b7 47 2c 48 89 bd 78 ff ff ff 66 89 45
0x00007f7061bd6a0e:   80 66 25 ff 01 66 3d 00 01 75 a7 8b 47 30 f3 0f
0x00007f7061bd6a1e:   10 51 30 89 45 80 f3 0f 11 95 6c ff ff ff 81 fb
0x00007f7061bd6a2e:   99 00 00 00 75 18 f3 0f 10 05 2c e4 3a 00 83 75
0x00007f7061bd6a3e:   80 04 f3 0f 5c c2 f3 0f 11 85 6c ff ff ff 48 8b
0x00007f7061bd6a4e:   85 78 ff ff ff 48 8b 40 08 48 8b 78 08 48 8b 07
0x00007f7061bd6a5e:   48 89 bd 58 ff ff ff ff 10 83 f8 43 0f 85 50 ff
0x00007f7061bd6a6e:   ff ff 48 8b 85 58 ff ff ff 4c 89 ef 48 8b 40 08
0x00007f7061bd6a7e:   48 8b 70 08 48 8b 40 10 48 89 b5 70 ff ff ff 48 


Stack slot to memory mapping:
stack at sp + 0 slots: 0x00007f70381bf7e0 is pointing into the stack for thread: 0x00007f7008086800
stack at sp + 1 slots: 0x1a5d301389cc1300 is an unknown value
stack at sp + 2 slots: 0x00007f70381bdd90 is pointing into the stack for thread: 0x00007f7008086800
stack at sp + 3 slots: 0x00007f70142df930 points into unknown readable memory: 60 5a 54 fc 6f 7f 00 00
stack at sp + 4 slots: 0x00007f70080214b0 points into unknown readable memory: b0 ad 24 62 70 7f 00 00
stack at sp + 5 slots: 0x0 is NULL
stack at sp + 6 slots: 0x00007f70381bdd80 is pointing into the stack for thread: 0x00007f7008086800
stack at sp + 7 slots: 0x00007f7061bd142c: <offset 0x00000000009f442c> in /usr/lib/jvm/java-11-openjdk-amd64/lib/server/libjvm.so at 0x00007f70611dd000


---------------  P R O C E S S  ---------------

Threads class SMR info:
_java_thread_list=0x00007f6fdc000b20, length=14, elements={
0x00007f705c014800, 0x00007f705c1ca800, 0x00007f705c1d5000, 0x00007f705c1da000,
0x00007f705c1dc800, 0x00007f705c1de800, 0x00007f705c1e0800, 0x00007f705c20f800,
0x00007f705c214800, 0x00007f7008086800, 0x00007f705c2a0000, 0x00007f705c326800,
0x00007f6ff400b000, 0x00007f705ce48800
}

Java Threads: ( => current thread )
  0x00007f705c014800 JavaThread "main" [_thread_in_Java, id=11280, stack(0x00007f7060dbb000,0x00007f7060ebc000)]
  0x00007f705c1ca800 JavaThread "Reference Handler" daemon [_thread_blocked, id=11289, stack(0x00007f7038cb1000,0x00007f7038db2000)]
  0x00007f705c1d5000 JavaThread "Finalizer" daemon [_thread_blocked, id=11290, stack(0x00007f7038bb0000,0x00007f7038cb1000)]
  0x00007f705c1da000 JavaThread "Signal Dispatcher" daemon [_thread_blocked, id=11291, stack(0x00007f70387ca000,0x00007f70388cb000)]
  0x00007f705c1dc800 JavaThread "C2 CompilerThread0" daemon [_thread_blocked, id=11292, stack(0x00007f70386c9000,0x00007f70387ca000)]
  0x00007f705c1de800 JavaThread "C1 CompilerThread0" daemon [_thread_blocked, id=11293, stack(0x00007f70385c8000,0x00007f70386c9000)]
  0x00007f705c1e0800 JavaThread "Sweeper thread" daemon [_thread_blocked, id=11294, stack(0x00007f70384c7000,0x00007f70385c8000)]
  0x00007f705c20f800 JavaThread "Service Thread" daemon [_thread_blocked, id=11295, stack(0x00007f70383c6000,0x00007f70384c7000)]
  0x00007f705c214800 JavaThread "Common-Cleaner" daemon [_thread_blocked, id=11297, stack(0x00007f70381c3000,0x00007f70382c4000)]
=>0x00007f7008086800 JavaThread "C2 CompilerThread1" daemon [_thread_in_native, id=11298, stack(0x00007f70380c2000,0x00007f70381c3000)]
  0x00007f705c2a0000 JavaThread "surefire-forkedjvm-command-thread" daemon [_thread_in_native, id=11299, stack(0x00007f7031eff000,0x00007f7032000000)]
  0x00007f705c326800 JavaThread "surefire-forkedjvm-ping-30s" daemon [_thread_blocked, id=11300, stack(0x00007f7031dfe000,0x00007f7031eff000)]
  0x00007f6ff400b000 JavaThread "process reaper" daemon [_thread_blocked, id=11303, stack(0x00007f7044008000,0x00007f704402a000)]
  0x00007f705ce48800 JavaThread "pool-2-thread-1" daemon [_thread_blocked, id=11307, stack(0x00007f70319f7000,0x00007f7031af8000)]

Other Threads:
  0x00007f705c1c8000 VMThread "VM Thread" [stack: 0x00007f7038db4000,0x00007f7038eb4000] [id=11288]
  0x00007f705c212000 WatcherThread [stack: 0x00007f70382c6000,0x00007f70383c6000] [id=11296]
  0x00007f705c02c800 GCTaskThread "GC Thread#0" [stack: 0x00007f7060a72000,0x00007f7060b72000] [id=11282]
  0x00007f7024009000 GCTaskThread "GC Thread#1" [stack: 0x00007f7031cfe000,0x00007f7031dfe000] [id=11304]
  0x00007f702400a800 GCTaskThread "GC Thread#2" [stack: 0x00007f7031bfc000,0x00007f7031cfc000] [id=11305]
  0x00007f702400c000 GCTaskThread "GC Thread#3" [stack: 0x00007f7031afa000,0x00007f7031bfa000] [id=11306]
  0x00007f705c074800 ConcurrentGCThread "G1 Main Marker" [stack: 0x00007f7044237000,0x00007f7044337000] [id=11284]
  0x00007f705c076000 ConcurrentGCThread "G1 Conc#0" [stack: 0x00007f7044135000,0x00007f7044235000] [id=11285]
  0x00007f705c128800 ConcurrentGCThread "G1 Refine#0" [stack: 0x00007f7039894000,0x00007f7039994000] [id=11286]
  0x00007f705c12a800 ConcurrentGCThread "G1 Young RemSet Sampling" [stack: 0x00007f7039792000,0x00007f7039892000] [id=11287]

Threads with active compile tasks:
C2 CompilerThread1   1314 1351   !   4       java.util.zip.InflaterInputStream::read (138 bytes)

VM state:not at safepoint (normal execution)

VM Mutex/Monitor currently owned by a thread: None

Heap address: 0x0000000744e00000, size: 2994 MB, Compressed Oops mode: Zero based, Oop shift amount: 3
Narrow klass base: 0x0000000800000000, Narrow klass shift: 3
Compressed class space size: 1073741824 Address: 0x0000000840000000

Heap:
 garbage-first heap   total 194560K, used 28529K [0x0000000744e00000, 0x0000000800000000)
  region size 1024K, 28 young (28672K), 10 survivors (10240K)
 Metaspace       used 17326K, capacity 17663K, committed 18048K, reserved 1064960K
  class space    used 2305K, capacity 2411K, committed 2432K, reserved 1048576K
Heap Regions: E=young(eden), S=young(survivor), O=old, HS=humongous(starts), HC=humongous(continues), CS=collection set, F=free, A=archive, TAMS=top-at-mark-start (previous, next)
|   0|0x0000000744e00000, 0x0000000744f00000, 0x0000000744f00000|100%| O|  |TAMS 0x0000000744e00000, 0x0000000744e00000| Untracked 
|   1|0x0000000744f00000, 0x0000000744f0a600, 0x0000000745000000|  4%| O|  |TAMS 0x0000000744f00000, 0x0000000744f00000| Untracked 
|   2|0x0000000745000000, 0x0000000745000000, 0x0000000745100000|  0%| F|  |TAMS 0x0000000745000000, 0x0000000745000000| Untracked 
|   3|0x0000000745100000, 0x0000000745100000, 0x0000000745200000|  0%| F|  |TAMS 0x0000000745100000, 0x0000000745100000| Untracked 
|   4|0x0000000745200000, 0x0000000745200000, 0x0000000745300000|  0%| F|  |TAMS 0x0000000745200000, 0x0000000745200000| Untracked 
|   5|0x0000000745300000, 0x0000000745300000, 0x0000000745400000|  0%| F|  |TAMS 0x0000000745300000, 0x0000000745300000| Untracked 
|   6|0x0000000745400000, 0x0000000745400000, 0x0000000745500000|  0%| F|  |TAMS 0x0000000745400000, 0x0000000745400000| Untracked 
|   7|0x0000000745500000, 0x0000000745500000, 0x0000000745600000|  0%| F|  |TAMS 0x0000000745500000, 0x0000000745500000| Untracked 
|   8|0x0000000745600000, 0x0000000745600000, 0x0000000745700000|  0%| F|  |TAMS 0x0000000745600000, 0x0000000745600000| Untracked 
|   9|0x0000000745700000, 0x0000000745700000, 0x0000000745800000|  0%| F|  |TAMS 0x0000000745700000, 0x0000000745700000| Untracked 
|  10|0x0000000745800000, 0x0000000745800000, 0x0000000745900000|  0%| F|  |TAMS 0x0000000745800000, 0x0000000745800000| Untracked 
|  11|0x0000000745900000, 0x0000000745900000, 0x0000000745a00000|  0%| F|  |TAMS 0x0000000745900000, 0x0000000745900000| Untracked 
|  12|0x0000000745a00000, 0x0000000745a00000, 0x0000000745b00000|  0%| F|  |TAMS 0x0000000745a00000, 0x0000000745a00000| Untracked 
|  13|0x0000000745b00000, 0x0000000745b00000, 0x0000000745c00000|  0%| F|  |TAMS 0x0000000745b00000, 0x0000000745b00000| Untracked 
|  14|0x0000000745c00000, 0x0000000745c00000, 0x0000000745d00000|  0%| F|  |TAMS 0x0000000745c00000, 0x0000000745c00000| Untracked 
|  15|0x0000000745d00000, 0x0000000745d00000, 0x0000000745e00000|  0%| F|  |TAMS 0x0000000745d00000, 0x0000000745d00000| Untracked 
|  16|0x0000000745e00000, 0x0000000745e00000, 0x0000000745f00000|  0%| F|  |TAMS 0x0000000745e00000, 0x0000000745e00000| Untracked 
|  17|0x0000000745f00000, 0x0000000745f00000, 0x0000000746000000|  0%| F|  |TAMS 0x0000000745f00000, 0x0000000745f00000| Untracked 
|  18|0x0000000746000000, 0x0000000746000000, 0x0000000746100000|  0%| F|  |TAMS 0x0000000746000000, 0x0000000746000000| Untracked 
|  19|0x0000000746100000, 0x0000000746100000, 0x0000000746200000|  0%| F|  |TAMS 0x0000000746100000, 0x0000000746100000| Untracked 
|  20|0x0000000746200000, 0x0000000746200000, 0x0000000746300000|  0%| F|  |TAMS 0x0000000746200000, 0x0000000746200000| Untracked 
|  21|0x0000000746300000, 0x0000000746300000, 0x0000000746400000|  0%| F|  |TAMS 0x0000000746300000, 0x0000000746300000| Untracked 
|  22|0x0000000746400000, 0x0000000746400000, 0x0000000746500000|  0%| F|  |TAMS 0x0000000746400000, 0x0000000746400000| Untracked 
|  23|0x0000000746500000, 0x0000000746500000, 0x0000000746600000|  0%| F|  |TAMS 0x0000000746500000, 0x0000000746500000| Untracked 
|  24|0x0000000746600000, 0x0000000746600000, 0x0000000746700000|  0%| F|  |TAMS 0x0000000746600000, 0x0000000746600000| Untracked 
|  25|0x0000000746700000, 0x0000000746700000, 0x0000000746800000|  0%| F|  |TAMS 0x0000000746700000, 0x0000000746700000| Untracked 
|  26|0x0000000746800000, 0x0000000746800000, 0x0000000746900000|  0%| F|  |TAMS 0x0000000746800000, 0x0000000746800000| Untracked 
|  27|0x0000000746900000, 0x0000000746900000, 0x0000000746a00000|  0%| F|  |TAMS 0x0000000746900000, 0x0000000746900000| Untracked 
|  28|0x0000000746a00000, 0x0000000746a00000, 0x0000000746b00000|  0%| F|  |TAMS 0x0000000746a00000, 0x0000000746a00000| Untracked 
|  29|0x0000000746b00000, 0x0000000746b00000, 0x0000000746c00000|  0%| F|  |TAMS 0x0000000746b00000, 0x0000000746b00000| Untracked 
|  30|0x0000000746c00000, 0x0000000746c00000, 0x0000000746d00000|  0%| F|  |TAMS 0x0000000746c00000, 0x0000000746c00000| Untracked 
|  31|0x0000000746d00000, 0x0000000746d00000, 0x0000000746e00000|  0%| F|  |TAMS 0x0000000746d00000, 0x0000000746d00000| Untracked 
|  32|0x0000000746e00000, 0x0000000746e00000, 0x0000000746f00000|  0%| F|  |TAMS 0x0000000746e00000, 0x0000000746e00000| Untracked 
|  33|0x0000000746f00000, 0x0000000746f00000, 0x0000000747000000|  0%| F|  |TAMS 0x0000000746f00000, 0x0000000746f00000| Untracked 
|  34|0x0000000747000000, 0x0000000747000000, 0x0000000747100000|  0%| F|  |TAMS 0x0000000747000000, 0x0000000747000000| Untracked 
|  35|0x0000000747100000, 0x0000000747100000, 0x0000000747200000|  0%| F|  |TAMS 0x0000000747100000, 0x0000000747100000| Untracked 
|  36|0x0000000747200000, 0x0000000747200000, 0x0000000747300000|  0%| F|  |TAMS 0x0000000747200000, 0x0000000747200000| Untracked 
|  37|0x0000000747300000, 0x0000000747300000, 0x0000000747400000|  0%| F|  |TAMS 0x0000000747300000, 0x0000000747300000| Untracked 
|  38|0x0000000747400000, 0x0000000747400000, 0x0000000747500000|  0%| F|  |TAMS 0x0000000747400000, 0x0000000747400000| Untracked 
|  39|0x0000000747500000, 0x0000000747500000, 0x0000000747600000|  0%| F|  |TAMS 0x0000000747500000, 0x0000000747500000| Untracked 
|  40|0x0000000747600000, 0x0000000747600000, 0x0000000747700000|  0%| F|  |TAMS 0x0000000747600000, 0x0000000747600000| Untracked 
|  41|0x0000000747700000, 0x0000000747700000, 0x0000000747800000|  0%| F|  |TAMS 0x0000000747700000, 0x0000000747700000| Untracked 
|  42|0x0000000747800000, 0x0000000747800000, 0x0000000747900000|  0%| F|  |TAMS 0x0000000747800000, 0x0000000747800000| Untracked 
|  43|0x0000000747900000, 0x0000000747900000, 0x0000000747a00000|  0%| F|  |TAMS 0x0000000747900000, 0x0000000747900000| Untracked 
|  44|0x0000000747a00000, 0x0000000747a00000, 0x0000000747b00000|  0%| F|  |TAMS 0x0000000747a00000, 0x0000000747a00000| Untracked 
|  45|0x0000000747b00000, 0x0000000747b00000, 0x0000000747c00000|  0%| F|  |TAMS 0x0000000747b00000, 0x0000000747b00000| Untracked 
|  46|0x0000000747c00000, 0x0000000747c00000, 0x0000000747d00000|  0%| F|  |TAMS 0x0000000747c00000, 0x0000000747c00000| Untracked 
|  47|0x0000000747d00000, 0x0000000747d00000, 0x0000000747e00000|  0%| F|  |TAMS 0x0000000747d00000, 0x0000000747d00000| Untracked 
|  48|0x0000000747e00000, 0x0000000747e00000, 0x0000000747f00000|  0%| F|  |TAMS 0x0000000747e00000, 0x0000000747e00000| Untracked 
|  49|0x0000000747f00000, 0x0000000747f00000, 0x0000000748000000|  0%| F|  |TAMS 0x0000000747f00000, 0x0000000747f00000| Untracked 
|  50|0x0000000748000000, 0x0000000748000000, 0x0000000748100000|  0%| F|  |TAMS 0x0000000748000000, 0x0000000748000000| Untracked 
|  51|0x0000000748100000, 0x0000000748100000, 0x0000000748200000|  0%| F|  |TAMS 0x0000000748100000, 0x0000000748100000| Untracked 
|  52|0x0000000748200000, 0x0000000748200000, 0x0000000748300000|  0%| F|  |TAMS 0x0000000748200000, 0x0000000748200000| Untracked 
|  53|0x0000000748300000, 0x0000000748300000, 0x0000000748400000|  0%| F|  |TAMS 0x0000000748300000, 0x0000000748300000| Untracked 
|  54|0x0000000748400000, 0x0000000748400000, 0x0000000748500000|  0%| F|  |TAMS 0x0000000748400000, 0x0000000748400000| Untracked 
|  55|0x0000000748500000, 0x0000000748500000, 0x0000000748600000|  0%| F|  |TAMS 0x0000000748500000, 0x0000000748500000| Untracked 
|  56|0x0000000748600000, 0x0000000748600000, 0x0000000748700000|  0%| F|  |TAMS 0x0000000748600000, 0x0000000748600000| Untracked 
|  57|0x0000000748700000, 0x0000000748700000, 0x0000000748800000|  0%| F|  |TAMS 0x0000000748700000, 0x0000000748700000| Untracked 
|  58|0x0000000748800000, 0x0000000748800000, 0x0000000748900000|  0%| F|  |TAMS 0x0000000748800000, 0x0000000748800000| Untracked 
|  59|0x0000000748900000, 0x0000000748900000, 0x0000000748a00000|  0%| F|  |TAMS 0x0000000748900000, 0x0000000748900000| Untracked 
|  60|0x0000000748a00000, 0x0000000748a00000, 0x0000000748b00000|  0%| F|  |TAMS 0x0000000748a00000, 0x0000000748a00000| Untracked 
|  61|0x0000000748b00000, 0x0000000748b00000, 0x0000000748c00000|  0%| F|  |TAMS 0x0000000748b00000, 0x0000000748b00000| Untracked 
|  62|0x0000000748c00000, 0x0000000748c00000, 0x0000000748d00000|  0%| F|  |TAMS 0x0000000748c00000, 0x0000000748c00000| Untracked 
|  63|0x0000000748d00000, 0x0000000748d00000, 0x0000000748e00000|  0%| F|  |TAMS 0x0000000748d00000, 0x0000000748d00000| Untracked 
|  64|0x0000000748e00000, 0x0000000748e00000, 0x0000000748f00000|  0%| F|  |TAMS 0x0000000748e00000, 0x0000000748e00000| Untracked 
|  65|0x0000000748f00000, 0x0000000748f00000, 0x0000000749000000|  0%| F|  |TAMS 0x0000000748f00000, 0x0000000748f00000| Untracked 
|  66|0x0000000749000000, 0x0000000749000000, 0x0000000749100000|  0%| F|  |TAMS 0x0000000749000000, 0x0000000749000000| Untracked 
|  67|0x0000000749100000, 0x0000000749100000, 0x0000000749200000|  0%| F|  |TAMS 0x0000000749100000, 0x0000000749100000| Untracked 
|  68|0x0000000749200000, 0x0000000749200000, 0x0000000749300000|  0%| F|  |TAMS 0x0000000749200000, 0x0000000749200000| Untracked 
|  69|0x0000000749300000, 0x0000000749300000, 0x0000000749400000|  0%| F|  |TAMS 0x0000000749300000, 0x0000000749300000| Untracked 
|  70|0x0000000749400000, 0x0000000749400000, 0x0000000749500000|  0%| F|  |TAMS 0x0000000749400000, 0x0000000749400000| Untracked 
|  71|0x0000000749500000, 0x0000000749500000, 0x0000000749600000|  0%| F|  |TAMS 0x0000000749500000, 0x0000000749500000| Untracked 
|  72|0x0000000749600000, 0x0000000749600000, 0x0000000749700000|  0%| F|  |TAMS 0x0000000749600000, 0x0000000749600000| Untracked 
|  73|0x0000000749700000, 0x0000000749700000, 0x0000000749800000|  0%| F|  |TAMS 0x0000000749700000, 0x0000000749700000| Untracked 
|  74|0x0000000749800000, 0x0000000749800000, 0x0000000749900000|  0%| F|  |TAMS 0x0000000749800000, 0x0000000749800000| Untracked 
|  75|0x0000000749900000, 0x0000000749900000, 0x0000000749a00000|  0%| F|  |TAMS 0x0000000749900000, 0x0000000749900000| Untracked 
|  76|0x0000000749a00000, 0x0000000749a00000, 0x0000000749b00000|  0%| F|  |TAMS 0x0000000749a00000, 0x0000000749a00000| Untracked 
|  77|0x0000000749b00000, 0x0000000749b00000, 0x0000000749c00000|  0%| F|  |TAMS 0x0000000749b00000, 0x0000000749b00000| Untracked 
|  78|0x0000000749c00000, 0x0000000749c00000, 0x0000000749d00000|  0%| F|  |TAMS 0x0000000749c00000, 0x0000000749c00000| Untracked 
|  79|0x0000000749d00000, 0x0000000749d00000, 0x0000000749e00000|  0%| F|  |TAMS 0x0000000749d00000, 0x0000000749d00000| Untracked 
|  80|0x0000000749e00000, 0x0000000749e00000, 0x0000000749f00000|  0%| F|  |TAMS 0x0000000749e00000, 0x0000000749e00000| Untracked 
|  81|0x0000000749f00000, 0x0000000749f00000, 0x000000074a000000|  0%| F|  |TAMS 0x0000000749f00000, 0x0000000749f00000| Untracked 
|  82|0x000000074a000000, 0x000000074a000000, 0x000000074a100000|  0%| F|  |TAMS 0x000000074a000000, 0x000000074a000000| Untracked 
|  83|0x000000074a100000, 0x000000074a100000, 0x000000074a200000|  0%| F|  |TAMS 0x000000074a100000, 0x000000074a100000| Untracked 
|  84|0x000000074a200000, 0x000000074a200000, 0x000000074a300000|  0%| F|  |TAMS 0x000000074a200000, 0x000000074a200000| Untracked 
|  85|0x000000074a300000, 0x000000074a300000, 0x000000074a400000|  0%| F|  |TAMS 0x000000074a300000, 0x000000074a300000| Untracked 
|  86|0x000000074a400000, 0x000000074a400000, 0x000000074a500000|  0%| F|  |TAMS 0x000000074a400000, 0x000000074a400000| Untracked 
|  87|0x000000074a500000, 0x000000074a500000, 0x000000074a600000|  0%| F|  |TAMS 0x000000074a500000, 0x000000074a500000| Untracked 
|  88|0x000000074a600000, 0x000000074a600000, 0x000000074a700000|  0%| F|  |TAMS 0x000000074a600000, 0x000000074a600000| Untracked 
|  89|0x000000074a700000, 0x000000074a700000, 0x000000074a800000|  0%| F|  |TAMS 0x000000074a700000, 0x000000074a700000| Untracked 
|  90|0x000000074a800000, 0x000000074a800000, 0x000000074a900000|  0%| F|  |TAMS 0x000000074a800000, 0x000000074a800000| Untracked 
|  91|0x000000074a900000, 0x000000074a900000, 0x000000074aa00000|  0%| F|  |TAMS 0x000000074a900000, 0x000000074a900000| Untracked 
|  92|0x000000074aa00000, 0x000000074aa00000, 0x000000074ab00000|  0%| F|  |TAMS 0x000000074aa00000, 0x000000074aa00000| Untracked 
|  93|0x000000074ab00000, 0x000000074ab210e8, 0x000000074ac00000| 12%| S|CS|TAMS 0x000000074ab00000, 0x000000074ab00000| Complete 
|  94|0x000000074ac00000, 0x000000074ad00000, 0x000000074ad00000|100%| S|CS|TAMS 0x000000074ac00000, 0x000000074ac00000| Complete 
|  95|0x000000074ad00000, 0x000000074ae00000, 0x000000074ae00000|100%| S|CS|TAMS 0x000000074ad00000, 0x000000074ad00000| Complete 
|  96|0x000000074ae00000, 0x000000074af00000, 0x000000074af00000|100%| S|CS|TAMS 0x000000074ae00000, 0x000000074ae00000| Complete 
|  97|0x000000074af00000, 0x000000074b000000, 0x000000074b000000|100%| S|CS|TAMS 0x000000074af00000, 0x000000074af00000| Complete 
|  98|0x000000074b000000, 0x000000074b100000, 0x000000074b100000|100%| S|CS|TAMS 0x000000074b000000, 0x000000074b000000| Complete 
|  99|0x000000074b100000, 0x000000074b200000, 0x000000074b200000|100%| S|CS|TAMS 0x000000074b100000, 0x000000074b100000| Complete 
| 100|0x000000074b200000, 0x000000074b300000, 0x000000074b300000|100%| S|CS|TAMS 0x000000074b200000, 0x000000074b200000| Complete 
| 101|0x000000074b300000, 0x000000074b400000, 0x000000074b400000|100%| S|CS|TAMS 0x000000074b300000, 0x000000074b300000| Complete 
| 102|0x000000074b400000, 0x000000074b500000, 0x000000074b500000|100%| S|CS|TAMS 0x000000074b400000, 0x000000074b400000| Complete 
| 103|0x000000074b500000, 0x000000074b500000, 0x000000074b600000|  0%| F|  |TAMS 0x000000074b500000, 0x000000074b500000| Untracked 
| 104|0x000000074b600000, 0x000000074b600000, 0x000000074b700000|  0%| F|  |TAMS 0x000000074b600000, 0x000000074b600000| Untracked 
| 105|0x000000074b700000, 0x000000074b700000, 0x000000074b800000|  0%| F|  |TAMS 0x000000074b700000, 0x000000074b700000| Untracked 
| 106|0x000000074b800000, 0x000000074b800000, 0x000000074b900000|  0%| F|  |TAMS 0x000000074b800000, 0x000000074b800000| Untracked 
| 107|0x000000074b900000, 0x000000074b900000, 0x000000074ba00000|  0%| F|  |TAMS 0x000000074b900000, 0x000000074b900000| Untracked 
| 108|0x000000074ba00000, 0x000000074ba00000, 0x000000074bb00000|  0%| F|  |TAMS 0x000000074ba00000, 0x000000074ba00000| Untracked 
| 109|0x000000074bb00000, 0x000000074bb00000, 0x000000074bc00000|  0%| F|  |TAMS 0x000000074bb00000, 0x000000074bb00000| Untracked 
| 110|0x000000074bc00000, 0x000000074bc00000, 0x000000074bd00000|  0%| F|  |TAMS 0x000000074bc00000, 0x000000074bc00000| Untracked 
| 111|0x000000074bd00000, 0x000000074bd00000, 0x000000074be00000|  0%| F|  |TAMS 0x000000074bd00000, 0x000000074bd00000| Untracked 
| 112|0x000000074be00000, 0x000000074be00000, 0x000000074bf00000|  0%| F|  |TAMS 0x000000074be00000, 0x000000074be00000| Untracked 
| 113|0x000000074bf00000, 0x000000074bf00000, 0x000000074c000000|  0%| F|  |TAMS 0x000000074bf00000, 0x000000074bf00000| Untracked 
| 114|0x000000074c000000, 0x000000074c000000, 0x000000074c100000|  0%| F|  |TAMS 0x000000074c000000, 0x000000074c000000| Untracked 
| 115|0x000000074c100000, 0x000000074c100000, 0x000000074c200000|  0%| F|  |TAMS 0x000000074c100000, 0x000000074c100000| Untracked 
| 116|0x000000074c200000, 0x000000074c200000, 0x000000074c300000|  0%| F|  |TAMS 0x000000074c200000, 0x000000074c200000| Untracked 
| 117|0x000000074c300000, 0x000000074c300000, 0x000000074c400000|  0%| F|  |TAMS 0x000000074c300000, 0x000000074c300000| Untracked 
| 118|0x000000074c400000, 0x000000074c400000, 0x000000074c500000|  0%| F|  |TAMS 0x000000074c400000, 0x000000074c400000| Untracked 
| 119|0x000000074c500000, 0x000000074c500000, 0x000000074c600000|  0%| F|  |TAMS 0x000000074c500000, 0x000000074c500000| Untracked 
| 120|0x000000074c600000, 0x000000074c600000, 0x000000074c700000|  0%| F|  |TAMS 0x000000074c600000, 0x000000074c600000| Untracked 
| 121|0x000000074c700000, 0x000000074c700000, 0x000000074c800000|  0%| F|  |TAMS 0x000000074c700000, 0x000000074c700000| Untracked 
| 122|0x000000074c800000, 0x000000074c800000, 0x000000074c900000|  0%| F|  |TAMS 0x000000074c800000, 0x000000074c800000| Untracked 
| 123|0x000000074c900000, 0x000000074c900000, 0x000000074ca00000|  0%| F|  |TAMS 0x000000074c900000, 0x000000074c900000| Untracked 
| 124|0x000000074ca00000, 0x000000074ca00000, 0x000000074cb00000|  0%| F|  |TAMS 0x000000074ca00000, 0x000000074ca00000| Untracked 
| 125|0x000000074cb00000, 0x000000074cb00000, 0x000000074cc00000|  0%| F|  |TAMS 0x000000074cb00000, 0x000000074cb00000| Untracked 
| 126|0x000000074cc00000, 0x000000074cc00000, 0x000000074cd00000|  0%| F|  |TAMS 0x000000074cc00000, 0x000000074cc00000| Untracked 
| 127|0x000000074cd00000, 0x000000074cd00000, 0x000000074ce00000|  0%| F|  |TAMS 0x000000074cd00000, 0x000000074cd00000| Untracked 
| 128|0x000000074ce00000, 0x000000074ce00000, 0x000000074cf00000|  0%| F|  |TAMS 0x000000074ce00000, 0x000000074ce00000| Untracked 
| 129|0x000000074cf00000, 0x000000074cf00000, 0x000000074d000000|  0%| F|  |TAMS 0x000000074cf00000, 0x000000074cf00000| Untracked 
| 130|0x000000074d000000, 0x000000074d000000, 0x000000074d100000|  0%| F|  |TAMS 0x000000074d000000, 0x000000074d000000| Untracked 
| 131|0x000000074d100000, 0x000000074d100000, 0x000000074d200000|  0%| F|  |TAMS 0x000000074d100000, 0x000000074d100000| Untracked 
| 132|0x000000074d200000, 0x000000074d200000, 0x000000074d300000|  0%| F|  |TAMS 0x000000074d200000, 0x000000074d200000| Untracked 
| 133|0x000000074d300000, 0x000000074d300000, 0x000000074d400000|  0%| F|  |TAMS 0x000000074d300000, 0x000000074d300000| Untracked 
| 134|0x000000074d400000, 0x000000074d400000, 0x000000074d500000|  0%| F|  |TAMS 0x000000074d400000, 0x000000074d400000| Untracked 
| 135|0x000000074d500000, 0x000000074d500000, 0x000000074d600000|  0%| F|  |TAMS 0x000000074d500000, 0x000000074d500000| Untracked 
| 136|0x000000074d600000, 0x000000074d600000, 0x000000074d700000|  0%| F|  |TAMS 0x000000074d600000, 0x000000074d600000| Untracked 
| 137|0x000000074d700000, 0x000000074d700000, 0x000000074d800000|  0%| F|  |TAMS 0x000000074d700000, 0x000000074d700000| Untracked 
| 138|0x000000074d800000, 0x000000074d800000, 0x000000074d900000|  0%| F|  |TAMS 0x000000074d800000, 0x000000074d800000| Untracked 
| 139|0x000000074d900000, 0x000000074d900000, 0x000000074da00000|  0%| F|  |TAMS 0x000000074d900000, 0x000000074d900000| Untracked 
| 140|0x000000074da00000, 0x000000074da00000, 0x000000074db00000|  0%| F|  |TAMS 0x000000074da00000, 0x000000074da00000| Untracked 
| 141|0x000000074db00000, 0x000000074db00000, 0x000000074dc00000|  0%| F|  |TAMS 0x000000074db00000, 0x000000074db00000| Untracked 
| 142|0x000000074dc00000, 0x000000074dc00000, 0x000000074dd00000|  0%| F|  |TAMS 0x000000074dc00000, 0x000000074dc00000| Untracked 
| 143|0x000000074dd00000, 0x000000074dd00000, 0x000000074de00000|  0%| F|  |TAMS 0x000000074dd00000, 0x000000074dd00000| Untracked 
| 144|0x000000074de00000, 0x000000074de00000, 0x000000074df00000|  0%| F|  |TAMS 0x000000074de00000, 0x000000074de00000| Untracked 
| 145|0x000000074df00000, 0x000000074df00000, 0x000000074e000000|  0%| F|  |TAMS 0x000000074df00000, 0x000000074df00000| Untracked 
| 146|0x000000074e000000, 0x000000074e000000, 0x000000074e100000|  0%| F|  |TAMS 0x000000074e000000, 0x000000074e000000| Untracked 
| 147|0x000000074e100000, 0x000000074e100000, 0x000000074e200000|  0%| F|  |TAMS 0x000000074e100000, 0x000000074e100000| Untracked 
| 148|0x000000074e200000, 0x000000074e200000, 0x000000074e300000|  0%| F|  |TAMS 0x000000074e200000, 0x000000074e200000| Untracked 
| 149|0x000000074e300000, 0x000000074e300000, 0x000000074e400000|  0%| F|  |TAMS 0x000000074e300000, 0x000000074e300000| Untracked 
| 150|0x000000074e400000, 0x000000074e400000, 0x000000074e500000|  0%| F|  |TAMS 0x000000074e400000, 0x000000074e400000| Untracked 
| 151|0x000000074e500000, 0x000000074e500000, 0x000000074e600000|  0%| F|  |TAMS 0x000000074e500000, 0x000000074e500000| Untracked 
| 152|0x000000074e600000, 0x000000074e600000, 0x000000074e700000|  0%| F|  |TAMS 0x000000074e600000, 0x000000074e600000| Untracked 
| 153|0x000000074e700000, 0x000000074e700000, 0x000000074e800000|  0%| F|  |TAMS 0x000000074e700000, 0x000000074e700000| Untracked 
| 154|0x000000074e800000, 0x000000074e800000, 0x000000074e900000|  0%| F|  |TAMS 0x000000074e800000, 0x000000074e800000| Untracked 
| 155|0x000000074e900000, 0x000000074e900000, 0x000000074ea00000|  0%| F|  |TAMS 0x000000074e900000, 0x000000074e900000| Untracked 
| 156|0x000000074ea00000, 0x000000074ea00000, 0x000000074eb00000|  0%| F|  |TAMS 0x000000074ea00000, 0x000000074ea00000| Untracked 
| 157|0x000000074eb00000, 0x000000074eb00000, 0x000000074ec00000|  0%| F|  |TAMS 0x000000074eb00000, 0x000000074eb00000| Untracked 
| 158|0x000000074ec00000, 0x000000074ec00000, 0x000000074ed00000|  0%| F|  |TAMS 0x000000074ec00000, 0x000000074ec00000| Untracked 
| 159|0x000000074ed00000, 0x000000074ed00000, 0x000000074ee00000|  0%| F|  |TAMS 0x000000074ed00000, 0x000000074ed00000| Untracked 
| 160|0x000000074ee00000, 0x000000074ee00000, 0x000000074ef00000|  0%| F|  |TAMS 0x000000074ee00000, 0x000000074ee00000| Untracked 
| 161|0x000000074ef00000, 0x000000074ef00000, 0x000000074f000000|  0%| F|  |TAMS 0x000000074ef00000, 0x000000074ef00000| Untracked 
| 162|0x000000074f000000, 0x000000074f000000, 0x000000074f100000|  0%| F|  |TAMS 0x000000074f000000, 0x000000074f000000| Untracked 
| 163|0x000000074f100000, 0x000000074f100000, 0x000000074f200000|  0%| F|  |TAMS 0x000000074f100000, 0x000000074f100000| Untracked 
| 164|0x000000074f200000, 0x000000074f200000, 0x000000074f300000|  0%| F|  |TAMS 0x000000074f200000, 0x000000074f200000| Untracked 
| 165|0x000000074f300000, 0x000000074f300000, 0x000000074f400000|  0%| F|  |TAMS 0x000000074f300000, 0x000000074f300000| Untracked 
| 166|0x000000074f400000, 0x000000074f400000, 0x000000074f500000|  0%| F|  |TAMS 0x000000074f400000, 0x000000074f400000| Untracked 
| 167|0x000000074f500000, 0x000000074f500000, 0x000000074f600000|  0%| F|  |TAMS 0x000000074f500000, 0x000000074f500000| Untracked 
| 168|0x000000074f600000, 0x000000074f600000, 0x000000074f700000|  0%| F|  |TAMS 0x000000074f600000, 0x000000074f600000| Untracked 
| 169|0x000000074f700000, 0x000000074f700000, 0x000000074f800000|  0%| F|  |TAMS 0x000000074f700000, 0x000000074f700000| Untracked 
| 170|0x000000074f800000, 0x000000074f900000, 0x000000074f900000|100%| E|  |TAMS 0x000000074f800000, 0x000000074f800000| Complete 
| 171|0x000000074f900000, 0x000000074fa00000, 0x000000074fa00000|100%| E|CS|TAMS 0x000000074f900000, 0x000000074f900000| Complete 
| 172|0x000000074fa00000, 0x000000074fb00000, 0x000000074fb00000|100%| E|CS|TAMS 0x000000074fa00000, 0x000000074fa00000| Complete 
| 173|0x000000074fb00000, 0x000000074fc00000, 0x000000074fc00000|100%| E|CS|TAMS 0x000000074fb00000, 0x000000074fb00000| Complete 
| 174|0x000000074fc00000, 0x000000074fd00000, 0x000000074fd00000|100%| E|CS|TAMS 0x000000074fc00000, 0x000000074fc00000| Complete 
| 175|0x000000074fd00000, 0x000000074fe00000, 0x000000074fe00000|100%| E|CS|TAMS 0x000000074fd00000, 0x000000074fd00000| Complete 
| 176|0x000000074fe00000, 0x000000074ff00000, 0x000000074ff00000|100%| E|CS|TAMS 0x000000074fe00000, 0x000000074fe00000| Complete 
| 177|0x000000074ff00000, 0x0000000750000000, 0x0000000750000000|100%| E|CS|TAMS 0x000000074ff00000, 0x000000074ff00000| Complete 
| 178|0x0000000750000000, 0x0000000750100000, 0x0000000750100000|100%| E|CS|TAMS 0x0000000750000000, 0x0000000750000000| Complete 
| 179|0x0000000750100000, 0x0000000750200000, 0x0000000750200000|100%| E|CS|TAMS 0x0000000750100000, 0x0000000750100000| Complete 
| 180|0x0000000750200000, 0x0000000750300000, 0x0000000750300000|100%| E|CS|TAMS 0x0000000750200000, 0x0000000750200000| Complete 
| 181|0x0000000750300000, 0x0000000750400000, 0x0000000750400000|100%| E|CS|TAMS 0x0000000750300000, 0x0000000750300000| Complete 
| 182|0x0000000750400000, 0x0000000750500000, 0x0000000750500000|100%| E|CS|TAMS 0x0000000750400000, 0x0000000750400000| Complete 
| 183|0x0000000750500000, 0x0000000750600000, 0x0000000750600000|100%| E|CS|TAMS 0x0000000750500000, 0x0000000750500000| Complete 
| 184|0x0000000750600000, 0x0000000750700000, 0x0000000750700000|100%| E|CS|TAMS 0x0000000750600000, 0x0000000750600000| Complete 
| 185|0x0000000750700000, 0x0000000750800000, 0x0000000750800000|100%| E|CS|TAMS 0x0000000750700000, 0x0000000750700000| Complete 
| 186|0x0000000750800000, 0x0000000750900000, 0x0000000750900000|100%| E|CS|TAMS 0x0000000750800000, 0x0000000750800000| Complete 
| 187|0x0000000750900000, 0x0000000750a00000, 0x0000000750a00000|100%| E|CS|TAMS 0x0000000750900000, 0x0000000750900000| Complete 
|1968|0x00000007bfe00000, 0x00000007bfe47000, 0x00000007bff00000| 27%|OA|  |TAMS 0x00000007bfe00000, 0x00000007bfe00000| Untracked 
|1969|0x00000007bff00000, 0x00000007bff6a000, 0x00000007c0000000| 41%|CA|  |TAMS 0x00000007bff00000, 0x00000007bff00000| Untracked 

Card table byte_map: [0x00007f7044337000,0x00007f7044910000] _byte_map_base: 0x00007f7040910000

Marking Bits (Prev, Next): (CMBitMap*) 0x00007f705c067b08, (CMBitMap*) 0x00007f705c067b40
 Prev Bits: [0x00007f703cb5f000, 0x00007f703fa27000)
 Next Bits: [0x00007f7039c97000, 0x00007f703cb5f000)

Polling page: 0x00007f706271f000

Metaspace:

Usage:
  Non-class:     14,90 MB capacity,    14,72 MB ( 99%) used,   152,09 KB ( <1%) free+waste,    30,50 KB ( <1%) overhead. 
      Class:      2,39 MB capacity,     2,26 MB ( 95%) used,   114,32 KB (  5%) free+waste,    15,81 KB ( <1%) overhead. 
       Both:     17,28 MB capacity,    16,98 MB ( 98%) used,   266,41 KB (  2%) free+waste,    46,31 KB ( <1%) overhead. 

Virtual space:
  Non-class space:       16,00 MB reserved,      15,25 MB ( 95%) committed 
      Class space:        1,00 GB reserved,       2,50 MB ( <1%) committed 
             Both:        1,02 GB reserved,      17,75 MB (  2%) committed 

Chunk freelists:
   Non-Class:  210,00 KB
       Class:  20,00 KB
        Both:  230,00 KB

MaxMetaspaceSize: unlimited
CompressedClassSpaceSize: 1,00 GB

CodeHeap 'non-profiled nmethods': size=120032Kb used=654Kb max_used=654Kb free=119377Kb
 bounds [0x00007f704c3d8000, 0x00007f704c648000, 0x00007f7053910000]
CodeHeap 'profiled nmethods': size=120032Kb used=2852Kb max_used=2852Kb free=117179Kb
 bounds [0x00007f7044ea0000, 0x00007f7045170000, 0x00007f704c3d8000]
CodeHeap 'non-nmethods': size=5696Kb used=1131Kb max_used=1153Kb free=4564Kb
 bounds [0x00007f7044910000, 0x00007f7044b80000, 0x00007f7044ea0000]
 total_blobs=2295 nmethods=1420 adapters=379
 compilation: enabled
              stopped_count=0, restarted_count=0
 full_count=0

Compilation events (20 events):
Event: 1,268 Thread 0x00007f705c1de800 1350       1       com.sun.org.apache.xerces.internal.util.Status::isExceptional (5 bytes)
Event: 1,269 Thread 0x00007f705c1de800 nmethod 1350 0x00007f704c476390 code [0x00007f704c476540, 0x00007f704c476670]
Event: 1,276 Thread 0x00007f705c1de800 1352       3       java.lang.StringLatin1::getChar (9 bytes)
Event: 1,276 Thread 0x00007f705c1dc800 1354       4       java.lang.Character::toLowerCase (6 bytes)
Event: 1,277 Thread 0x00007f705c1dc800 nmethod 1354 0x00007f704c476710 code [0x00007f704c4768a0, 0x00007f704c476978]
Event: 1,277 Thread 0x00007f705c1dc800 1358       4       java.lang.String::isLatin1 (19 bytes)
Event: 1,278 Thread 0x00007f705c1dc800 nmethod 1358 0x00007f704c476a90 code [0x00007f704c476c20, 0x00007f704c476c98]
Event: 1,278 Thread 0x00007f705c1de800 nmethod 1352 0x00007f7045147390 code [0x00007f7045147540, 0x00007f70451476b0]
Event: 1,278 Thread 0x00007f705c1de800 1357       3       java.lang.StringLatin1::compareToCI (108 bytes)
Event: 1,278 Thread 0x00007f705c1dc800 1360       4       java.lang.StringLatin1::getChar (9 bytes)
Event: 1,278 Thread 0x00007f705c1de800 nmethod 1357 0x00007f7045147790 code [0x00007f7045147a00, 0x00007f7045148318]
Event: 1,278 Thread 0x00007f705c1de800 1353       3       java.util.TreeMap::parentOf (13 bytes)
Event: 1,279 Thread 0x00007f705c1de800 nmethod 1353 0x00007f7045148710 code [0x00007f70451488c0, 0x00007f7045148a70]
Event: 1,279 Thread 0x00007f705c1de800 1355       3       java.lang.String$CaseInsensitiveComparator::compare (13 bytes)
Event: 1,279 Thread 0x00007f705c1de800 nmethod 1355 0x00007f7045148b10 code [0x00007f7045148ce0, 0x00007f70451490a8]
Event: 1,279 Thread 0x00007f705c1de800 1356       3       java.lang.String$CaseInsensitiveComparator::compare (68 bytes)
Event: 1,280 Thread 0x00007f705c1de800 nmethod 1356 0x00007f7045149190 code [0x00007f70451493c0, 0x00007f7045149a18]
Event: 1,280 Thread 0x00007f705c1de800 1362       3       java.util.TreeMap::getEntryUsingComparator (74 bytes)
Event: 1,281 Thread 0x00007f705c1de800 nmethod 1362 0x00007f7045149c10 code [0x00007f7045149de0, 0x00007f704514a208]
Event: 1,281 Thread 0x00007f705c1de800 1368       3       java.util.TreeMap::put (247 bytes)

GC Heap History (4 events):
Event: 0,262 GC heap before
{Heap before GC invocations=0 (full 0):
 garbage-first heap   total 194560K, used 14020K [0x0000000744e00000, 0x0000000800000000)
  region size 1024K, 14 young (14336K), 0 survivors (0K)
 Metaspace       used 2128K, capacity 5227K, committed 5504K, reserved 1056768K
  class space    used 227K, capacity 514K, committed 640K, reserved 1048576K
}
Event: 0,269 GC heap after
{Heap after GC invocations=1 (full 0):
 garbage-first heap   total 194560K, used 3821K [0x0000000744e00000, 0x0000000800000000)
  region size 1024K, 2 young (2048K), 2 survivors (2048K)
 Metaspace       used 2128K, capacity 5227K, committed 5504K, reserved 1056768K
  class space    used 227K, capacity 514K, committed 640K, reserved 1048576K
}
Event: 1,177 GC heap before
{Heap before GC invocations=1 (full 0):
 garbage-first heap   total 194560K, used 87789K [0x0000000744e00000, 0x0000000800000000)
  region size 1024K, 85 young (87040K), 2 survivors (2048K)
 Metaspace       used 15798K, capacity 16129K, committed 16512K, reserved 1062912K
  class space    used 2082K, capacity 2173K, committed 2176K, reserved 1048576K
}
Event: 1,184 GC heap after
{Heap after GC invocations=2 (full 0):
 garbage-first heap   total 194560K, used 11121K [0x0000000744e00000, 0x0000000800000000)
  region size 1024K, 10 young (10240K), 10 survivors (10240K)
 Metaspace       used 15798K, capacity 16129K, committed 16512K, reserved 1062912K
  class space    used 2082K, capacity 2173K, committed 2176K, reserved 1048576K
}

Deoptimization events (20 events):
Event: 0,930 Thread 0x00007f705c014800 DEOPT PACKING pc=0x00007f704c4530e0 sp=0x00007f7060eb6f60
Event: 0,930 Thread 0x00007f705c014800 DEOPT UNPACKING pc=0x00007f7044938a25 sp=0x00007f7060eb6ee0 mode 2
Event: 0,955 Thread 0x00007f705c014800 DEOPT PACKING pc=0x00007f70450365e0 sp=0x00007f7060eb6350
Event: 0,955 Thread 0x00007f705c014800 DEOPT UNPACKING pc=0x00007f704493883a sp=0x00007f7060eb5820 mode 0
Event: 0,955 Thread 0x00007f705c014800 DEOPT PACKING pc=0x00007f70450365e0 sp=0x00007f7060eb6350
Event: 0,955 Thread 0x00007f705c014800 DEOPT UNPACKING pc=0x00007f704493883a sp=0x00007f7060eb5820 mode 0
Event: 0,955 Thread 0x00007f705c014800 DEOPT PACKING pc=0x00007f70450365e0 sp=0x00007f7060eb6350
Event: 0,955 Thread 0x00007f705c014800 DEOPT UNPACKING pc=0x00007f704493883a sp=0x00007f7060eb5820 mode 0
Event: 0,955 Thread 0x00007f705c014800 DEOPT PACKING pc=0x00007f70450365e0 sp=0x00007f7060eb6350
Event: 0,955 Thread 0x00007f705c014800 DEOPT UNPACKING pc=0x00007f704493883a sp=0x00007f7060eb5820 mode 0
Event: 0,956 Thread 0x00007f705c014800 DEOPT PACKING pc=0x00007f70450365e0 sp=0x00007f7060eb6350
Event: 0,956 Thread 0x00007f705c014800 DEOPT UNPACKING pc=0x00007f704493883a sp=0x00007f7060eb5820 mode 0
Event: 1,108 Thread 0x00007f705c014800 Uncommon trap: trap_request=0xffffff4d fr.pc=0x00007f704c455ec8 relative=0x00000000000000a8
Event: 1,108 Thread 0x00007f705c014800 Uncommon trap: reason=unstable_if action=reinterpret pc=0x00007f704c455ec8 method=java.nio.Buffer.position(I)Ljava/nio/Buffer; @ 45 c2
Event: 1,108 Thread 0x00007f705c014800 DEOPT PACKING pc=0x00007f704c455ec8 sp=0x00007f7060eb3c90
Event: 1,108 Thread 0x00007f705c014800 DEOPT UNPACKING pc=0x00007f7044938a25 sp=0x00007f7060eb3c38 mode 2
Event: 1,274 Thread 0x00007f705c014800 Uncommon trap: trap_request=0xffffff4d fr.pc=0x00007f704c4739d0 relative=0x00000000000000b0
Event: 1,274 Thread 0x00007f705c014800 Uncommon trap: reason=unstable_if action=reinterpret pc=0x00007f704c4739d0 method=java.nio.Buffer.limit(I)Ljava/nio/Buffer; @ 45 c2
Event: 1,274 Thread 0x00007f705c014800 DEOPT PACKING pc=0x00007f704c4739d0 sp=0x00007f7060eb5540
Event: 1,274 Thread 0x00007f705c014800 DEOPT UNPACKING pc=0x00007f7044938a25 sp=0x00007f7060eb54e8 mode 2

Classes redefined (0 events):
No events

Internal exceptions (20 events):
Event: 0,395 Thread 0x00007f705c014800 Exception <a 'java/lang/NoSuchMethodError'{0x00000007502d6fb0}: 'org.junit.runner.Description org.junit.runner.Description.createSuiteDescription(java.lang.String)'> (0x00000007502d6fb0) thrown at [/build/openjdk-11-11.0.6+10/src/hotspot/share/interpreter
Event: 0,398 Thread 0x00007f705c014800 Exception <a 'java/lang/NoSuchMethodError'{0x00000007502dd8c0}: 'org.junit.runner.Description org.junit.runner.Description.createSuiteDescription(java.lang.String)'> (0x00000007502dd8c0) thrown at [/build/openjdk-11-11.0.6+10/src/hotspot/share/interpreter
Event: 0,398 Thread 0x00007f705c014800 Exception <a 'java/lang/NoSuchMethodError'{0x00000007502ddd20}: 'org.junit.runner.Description org.junit.runner.Description.createSuiteDescription(java.lang.String)'> (0x00000007502ddd20) thrown at [/build/openjdk-11-11.0.6+10/src/hotspot/share/interpreter
Event: 0,398 Thread 0x00007f705c014800 Exception <a 'java/lang/NoSuchMethodError'{0x00000007502de180}: 'org.junit.runner.Description org.junit.runner.Description.createSuiteDescription(java.lang.String)'> (0x00000007502de180) thrown at [/build/openjdk-11-11.0.6+10/src/hotspot/share/interpreter
Event: 0,398 Thread 0x00007f705c014800 Exception <a 'java/lang/NoSuchMethodError'{0x00000007502de5e0}: 'org.junit.runner.Description org.junit.runner.Description.createSuiteDescription(java.lang.String)'> (0x00000007502de5e0) thrown at [/build/openjdk-11-11.0.6+10/src/hotspot/share/interpreter
Event: 0,398 Thread 0x00007f705c014800 Exception <a 'java/lang/NoSuchMethodError'{0x00000007502dea40}: 'org.junit.runner.Description org.junit.runner.Description.createSuiteDescription(java.lang.String)'> (0x00000007502dea40) thrown at [/build/openjdk-11-11.0.6+10/src/hotspot/share/interpreter
Event: 0,473 Thread 0x00007f705c014800 Implicit null exception at 0x00007f704c409c4f to 0x00007f704c40b0ce
Event: 0,494 Thread 0x00007f705c014800 Exception <a 'java/lang/ClassNotFoundException'{0x000000074f82ba50}: javax/smartcardio/CardPermission> (0x000000074f82ba50) thrown at [/build/openjdk-11-11.0.6+10/src/hotspot/share/classfile/systemDictionary.cpp, line 231]
Event: 0,496 Thread 0x00007f705c014800 Exception <a 'java/io/FileNotFoundException'{0x000000074f838eb8}> (0x000000074f838eb8) thrown at [/build/openjdk-11-11.0.6+10/src/hotspot/share/prims/jni.cpp, line 615]
Event: 0,546 Thread 0x00007f705c014800 Exception <a 'java/lang/NoSuchMethodError'{0x000000074f693010}: 'java.lang.Object java.lang.invoke.DirectMethodHandle$Holder.invokeStatic(java.lang.Object, java.lang.Object, java.lang.Object, java.lang.Object, java.lang.Object, java.lang.Object, java.lang
Event: 0,548 Thread 0x00007f705c014800 Exception <a 'java/lang/NoSuchMethodError'{0x000000074f6a1018}: 'java.lang.Object java.lang.invoke.DirectMethodHandle$Holder.invokeStatic(java.lang.Object, java.lang.Object, java.lang.Object, java.lang.Object, java.lang.Object, java.lang.Object, java.lang
Event: 0,549 Thread 0x00007f705c014800 Exception <a 'java/lang/NoSuchMethodError'{0x000000074f6aef30}: 'java.lang.Object java.lang.invoke.DirectMethodHandle$Holder.invokeSpecial(java.lang.Object, java.lang.Object, int, int, java.lang.Object, java.lang.Object, java.lang.Object)'> (0x000000074f6
Event: 0,549 Thread 0x00007f705c014800 Exception <a 'java/lang/NoSuchMethodError'{0x000000074f6b2768}: 'java.lang.Object java.lang.invoke.DelegatingMethodHandle$Holder.reinvoke_L(java.lang.Object, int, int, java.lang.Object, java.lang.Object, java.lang.Object)'> (0x000000074f6b2768) thrown at 
Event: 0,550 Thread 0x00007f705c014800 Exception <a 'java/lang/NoSuchMethodError'{0x000000074f6b6710}: 'java.lang.Object java.lang.invoke.DirectMethodHandle$Holder.invokeStatic(java.lang.Object, java.lang.Object, java.lang.Object, java.lang.Object, int)'> (0x000000074f6b6710) thrown at [/build
Event: 0,863 Thread 0x00007f705c014800 Exception <a 'java/lang/NoSuchMethodError'{0x000000074dc3d388}: 'org.slf4j.impl.StaticMDCBinder org.slf4j.impl.StaticMDCBinder.getSingleton()'> (0x000000074dc3d388) thrown at [/build/openjdk-11-11.0.6+10/src/hotspot/share/interpreter/linkResolver.cpp, lin
Event: 0,865 Thread 0x00007f705c014800 Implicit null exception at 0x00007f704c433605 to 0x00007f704c4337f2
Event: 0,867 Thread 0x00007f705c014800 Exception <a 'java/lang/NoSuchMethodError'{0x000000074dc739a8}: 'void java.lang.invoke.DirectMethodHandle$Holder.invokeSpecial(java.lang.Object, java.lang.Object)'> (0x000000074dc739a8) thrown at [/build/openjdk-11-11.0.6+10/src/hotspot/share/interpreter/
Event: 0,886 Thread 0x00007f705c014800 Exception <a 'java/lang/NoSuchMethodError'{0x000000074d9a6b80}: 'int java.lang.invoke.DirectMethodHandle$Holder.invokeStaticInit(java.lang.Object, java.lang.Object, java.lang.Object)'> (0x000000074d9a6b80) thrown at [/build/openjdk-11-11.0.6+10/src/hotspo
Event: 0,969 Thread 0x00007f705c014800 Exception <a 'java/lang/NoSuchMethodError'{0x000000074ce1cb40}: 'int java.lang.invoke.DirectMethodHandle$Holder.invokeStaticInit(java.lang.Object, java.lang.Object)'> (0x000000074ce1cb40) thrown at [/build/openjdk-11-11.0.6+10/src/hotspot/share/interprete
Event: 1,240 Thread 0x00007f705c014800 Exception <a 'java/lang/NoSuchMethodError'{0x00000007500a29c8}: 'java.lang.Object java.lang.invoke.DirectMethodHandle$Holder.invokeStaticInit(java.lang.Object, java.lang.Object, int, java.lang.Object, java.lang.Object)'> (0x00000007500a29c8) thrown at [/b

Events (20 events):
Event: 1,270 loading class org/apache/jena/rdfxml/xmlinput/impl/SAX2RDFImpl
Event: 1,270 loading class org/apache/jena/rdfxml/xmlinput/impl/SAX2RDFImpl done
Event: 1,270 loading class org/apache/jena/util/CharEncoding
Event: 1,270 loading class org/apache/jena/util/CharEncoding done
Event: 1,270 loading class org/apache/jena/util/CharEncoding$NonIANAnioEncoding
Event: 1,270 loading class org/apache/jena/util/CharEncoding$NonIANAnioEncoding done
Event: 1,271 loading class org/apache/jena/util/CharEncoding$IANAnioEncoding
Event: 1,271 loading class org/apache/jena/util/CharEncoding$IANAnioEncoding done
Event: 1,271 loading class org/apache/jena/util/CharEncoding$NotNioEncoding
Event: 1,271 loading class org/apache/jena/util/CharEncoding$NotNioEncoding done
Event: 1,271 loading class sun/nio/cs/StandardCharsets$Classes
Event: 1,271 loading class sun/nio/cs/StandardCharsets$Classes done
Event: 1,272 loading class java/nio/charset/Charset$ExtendedProviderHolder
Event: 1,272 loading class java/nio/charset/Charset$ExtendedProviderHolder done
Event: 1,272 loading class java/nio/charset/Charset$ExtendedProviderHolder$1
Event: 1,272 loading class java/nio/charset/Charset$ExtendedProviderHolder$1 done
Event: 1,275 loading class java/util/TreeMap
Event: 1,275 loading class java/util/TreeMap done
Event: 1,275 loading class java/util/TreeMap$Entry
Event: 1,276 loading class java/util/TreeMap$Entry done


Dynamic libraries:
744e00000-750a00000 rw-p 00000000 00:00 0 
750a00000-7bfe00000 ---p 00000000 00:00 0 
7bfe00000-7bfe47000 rw-p 01105000 fe:03 17434940                         /usr/lib/jvm/java-11-openjdk-amd64/lib/server/classes.jsa
7bfe47000-7bff00000 rw-p 00000000 00:00 0 
7bff00000-7bff6a000 rw-p 0109b000 fe:03 17434940                         /usr/lib/jvm/java-11-openjdk-amd64/lib/server/classes.jsa
7bff6a000-7c0000000 rw-p 00000000 00:00 0 
7c0000000-800000000 ---p 00000000 00:00 0 
800000000-800002000 rwxp 00001000 fe:03 17434940                         /usr/lib/jvm/java-11-openjdk-amd64/lib/server/classes.jsa
800002000-8003b8000 rw-p 00003000 fe:03 17434940                         /usr/lib/jvm/java-11-openjdk-amd64/lib/server/classes.jsa
8003b8000-800a8d000 r--p 003b9000 fe:03 17434940                         /usr/lib/jvm/java-11-openjdk-amd64/lib/server/classes.jsa
800a8d000-800a8e000 rw-p 00a8e000 fe:03 17434940                         /usr/lib/jvm/java-11-openjdk-amd64/lib/server/classes.jsa
800a8e000-80109a000 r--p 00a8f000 fe:03 17434940                         /usr/lib/jvm/java-11-openjdk-amd64/lib/server/classes.jsa
840000000-840280000 rw-p 00000000 00:00 0 
840280000-880000000 ---p 00000000 00:00 0 
562d2dafc000-562d2dafd000 r--p 00000000 fe:03 17435253                   /usr/lib/jvm/java-11-openjdk-amd64/bin/java
562d2dafd000-562d2dafe000 r-xp 00001000 fe:03 17435253                   /usr/lib/jvm/java-11-openjdk-amd64/bin/java
562d2dafe000-562d2daff000 r--p 00002000 fe:03 17435253                   /usr/lib/jvm/java-11-openjdk-amd64/bin/java
562d2daff000-562d2db00000 r--p 00002000 fe:03 17435253                   /usr/lib/jvm/java-11-openjdk-amd64/bin/java
562d2db00000-562d2db01000 rw-p 00003000 fe:03 17435253                   /usr/lib/jvm/java-11-openjdk-amd64/bin/java
562d2ea33000-562d2ea54000 rw-p 00000000 00:00 0                          [heap]
7f6fd8000000-7f6fd8021000 rw-p 00000000 00:00 0 
7f6fd8021000-7f6fdc000000 ---p 00000000 00:00 0 
7f6fdc000000-7f6fdc021000 rw-p 00000000 00:00 0 
7f6fdc021000-7f6fe0000000 ---p 00000000 00:00 0 
7f6fe0000000-7f6fe0021000 rw-p 00000000 00:00 0 
7f6fe0021000-7f6fe4000000 ---p 00000000 00:00 0 
7f6fe4000000-7f6fe4021000 rw-p 00000000 00:00 0 
7f6fe4021000-7f6fe8000000 ---p 00000000 00:00 0 
7f6fe8000000-7f6fe8021000 rw-p 00000000 00:00 0 
7f6fe8021000-7f6fec000000 ---p 00000000 00:00 0 
7f6fec000000-7f6fec021000 rw-p 00000000 00:00 0 
7f6fec021000-7f6ff0000000 ---p 00000000 00:00 0 
7f6ff0000000-7f6ff0021000 rw-p 00000000 00:00 0 
7f6ff0021000-7f6ff4000000 ---p 00000000 00:00 0 
7f6ff4000000-7f6ff4030000 rw-p 00000000 00:00 0 
7f6ff4030000-7f6ff8000000 ---p 00000000 00:00 0 
7f6ff8000000-7f6ff8021000 rw-p 00000000 00:00 0 
7f6ff8021000-7f6ffc000000 ---p 00000000 00:00 0 
7f6ffc000000-7f6ffc5a3000 rw-p 00000000 00:00 0 
7f6ffc5a3000-7f7000000000 ---p 00000000 00:00 0 
7f7000000000-7f7000021000 rw-p 00000000 00:00 0 
7f7000021000-7f7004000000 ---p 00000000 00:00 0 
7f7004000000-7f7004021000 rw-p 00000000 00:00 0 
7f7004021000-7f7008000000 ---p 00000000 00:00 0 
7f7008000000-7f7008439000 rw-p 00000000 00:00 0 
7f7008439000-7f700c000000 ---p 00000000 00:00 0 
7f700c000000-7f700c021000 rw-p 00000000 00:00 0 
7f700c021000-7f7010000000 ---p 00000000 00:00 0 
7f7010000000-7f7010021000 rw-p 00000000 00:00 0 
7f7010021000-7f7014000000 ---p 00000000 00:00 0 
7f7014000000-7f7014556000 rw-p 00000000 00:00 0 
7f7014556000-7f7018000000 ---p 00000000 00:00 0 
7f7018000000-7f7018021000 rw-p 00000000 00:00 0 
7f7018021000-7f701c000000 ---p 00000000 00:00 0 
7f701c000000-7f701c021000 rw-p 00000000 00:00 0 
7f701c021000-7f7020000000 ---p 00000000 00:00 0 
7f7020000000-7f7020021000 rw-p 00000000 00:00 0 
7f7020021000-7f7024000000 ---p 00000000 00:00 0 
7f7024000000-7f7024021000 rw-p 00000000 00:00 0 
7f7024021000-7f7028000000 ---p 00000000 00:00 0 
7f7028000000-7f7028021000 rw-p 00000000 00:00 0 
7f7028021000-7f702c000000 ---p 00000000 00:00 0 
7f702c000000-7f702c021000 rw-p 00000000 00:00 0 
7f702c021000-7f7030000000 ---p 00000000 00:00 0 
7f70310f6000-7f7031236000 rw-p 00000000 00:00 0 
7f7031236000-7f70312f6000 ---p 00000000 00:00 0 
7f70312f6000-7f70314f6000 rw-p 00000000 00:00 0 
7f70314f6000-7f70316f6000 rw-p 00000000 00:00 0 
7f70316f6000-7f70316fa000 ---p 00000000 00:00 0 
7f70316fa000-7f70319f7000 rw-p 00000000 00:00 0 
7f70319f7000-7f70319fb000 ---p 00000000 00:00 0 
7f70319fb000-7f7031af8000 rw-p 00000000 00:00 0 
7f7031af8000-7f7031af9000 ---p 00000000 00:00 0 
7f7031af9000-7f7031bfa000 rw-p 00000000 00:00 0 
7f7031bfa000-7f7031bfb000 ---p 00000000 00:00 0 
7f7031bfb000-7f7031cfc000 rw-p 00000000 00:00 0 
7f7031cfc000-7f7031cfd000 ---p 00000000 00:00 0 
7f7031cfd000-7f7031dfe000 rw-p 00000000 00:00 0 
7f7031dfe000-7f7031e02000 ---p 00000000 00:00 0 
7f7031e02000-7f7031eff000 rw-p 00000000 00:00 0 
7f7031eff000-7f7031f03000 ---p 00000000 00:00 0 
7f7031f03000-7f7034000000 rw-p 00000000 00:00 0 
7f7034000000-7f7034021000 rw-p 00000000 00:00 0 
7f7034021000-7f7038000000 ---p 00000000 00:00 0 
7f703809c000-7f70380c2000 r--p 00000000 fe:03 15210076                   /usr/share/locale/fr/LC_MESSAGES/libc.mo
7f70380c2000-7f70380c6000 ---p 00000000 00:00 0 
7f70380c6000-7f70381c3000 rw-p 00000000 00:00 0 
7f70381c3000-7f70381c7000 ---p 00000000 00:00 0 
7f70381c7000-7f70382c4000 rw-p 00000000 00:00 0 
7f70382c4000-7f70382c5000 ---p 00000000 00:00 0 
7f70382c5000-7f70383c6000 rw-p 00000000 00:00 0 
7f70383c6000-7f70383ca000 ---p 00000000 00:00 0 
7f70383ca000-7f70384c7000 rw-p 00000000 00:00 0 
7f70384c7000-7f70384cb000 ---p 00000000 00:00 0 
7f70384cb000-7f70385c8000 rw-p 00000000 00:00 0 
7f70385c8000-7f70385cc000 ---p 00000000 00:00 0 
7f70385cc000-7f70386c9000 rw-p 00000000 00:00 0 
7f70386c9000-7f70386cd000 ---p 00000000 00:00 0 
7f70386cd000-7f70387ca000 rw-p 00000000 00:00 0 
7f70387ca000-7f70387ce000 ---p 00000000 00:00 0 
7f70387ce000-7f70388cb000 rw-p 00000000 00:00 0 
7f70388cb000-7f7038bb0000 r--p 00000000 fe:03 15204799                   /usr/lib/locale/locale-archive
7f7038bb0000-7f7038bb4000 ---p 00000000 00:00 0 
7f7038bb4000-7f7038cb1000 rw-p 00000000 00:00 0 
7f7038cb1000-7f7038cb5000 ---p 00000000 00:00 0 
7f7038cb5000-7f7038db2000 rw-p 00000000 00:00 0 
7f7038db2000-7f7038db3000 ---p 00000000 00:00 0 
7f7038db3000-7f7039790000 rw-p 00000000 00:00 0 
7f7039790000-7f7039791000 ---p 00000000 00:00 0 
7f7039791000-7f7039892000 rw-p 00000000 00:00 0 
7f7039892000-7f7039893000 ---p 00000000 00:00 0 
7f7039893000-7f7039f87000 rw-p 00000000 00:00 0 
7f7039f87000-7f703bb57000 ---p 00000000 00:00 0 
7f703bb57000-7f703bb5f000 rw-p 00000000 00:00 0 
7f703bb5f000-7f703cb5f000 ---p 00000000 00:00 0 
7f703cb5f000-7f703ce4f000 rw-p 00000000 00:00 0 
7f703ce4f000-7f703ea1f000 ---p 00000000 00:00 0 
7f703ea1f000-7f703ea27000 rw-p 00000000 00:00 0 
7f703ea27000-7f703fa27000 ---p 00000000 00:00 0 
7f703fa27000-7f703fa85000 rw-p 00000000 00:00 0 
7f703fa85000-7f703fdff000 ---p 00000000 00:00 0 
7f703fdff000-7f703fe00000 rw-p 00000000 00:00 0 
7f703fe00000-7f7040000000 ---p 00000000 00:00 0 
7f7040000000-7f7040021000 rw-p 00000000 00:00 0 
7f7040021000-7f7044000000 ---p 00000000 00:00 0 
7f7044001000-7f7044008000 r--s 00000000 fe:03 15207378                   /usr/lib/x86_64-linux-gnu/gconv/gconv-modules.cache
7f7044008000-7f704400c000 ---p 00000000 00:00 0 
7f704400c000-7f704402a000 rw-p 00000000 00:00 0 
7f704402a000-7f704402c000 r--p 00000000 fe:03 17435416                   /usr/lib/jvm/java-11-openjdk-amd64/lib/libmanagement_ext.so
7f704402c000-7f704402e000 r-xp 00002000 fe:03 17435416                   /usr/lib/jvm/java-11-openjdk-amd64/lib/libmanagement_ext.so
7f704402e000-7f704402f000 r--p 00004000 fe:03 17435416                   /usr/lib/jvm/java-11-openjdk-amd64/lib/libmanagement_ext.so
7f704402f000-7f7044030000 ---p 00005000 fe:03 17435416                   /usr/lib/jvm/java-11-openjdk-amd64/lib/libmanagement_ext.so
7f7044030000-7f7044031000 r--p 00005000 fe:03 17435416                   /usr/lib/jvm/java-11-openjdk-amd64/lib/libmanagement_ext.so
7f7044031000-7f7044032000 rw-p 00006000 fe:03 17435416                   /usr/lib/jvm/java-11-openjdk-amd64/lib/libmanagement_ext.so
7f7044032000-7f7044133000 rw-p 00000000 00:00 0 
7f7044133000-7f7044134000 ---p 00000000 00:00 0 
7f7044134000-7f7044235000 rw-p 00000000 00:00 0 
7f7044235000-7f7044236000 ---p 00000000 00:00 0 
7f7044236000-7f7044395000 rw-p 00000000 00:00 0 
7f7044395000-7f704470f000 ---p 00000000 00:00 0 
7f704470f000-7f7044710000 rw-p 00000000 00:00 0 
7f7044710000-7f7044910000 ---p 00000000 00:00 0 
7f7044910000-7f7044b80000 rwxp 00000000 00:00 0 
7f7044b80000-7f7044ea0000 ---p 00000000 00:00 0 
7f7044ea0000-7f7045170000 rwxp 00000000 00:00 0 
7f7045170000-7f704c3d8000 ---p 00000000 00:00 0 
7f704c3d8000-7f704c648000 rwxp 00000000 00:00 0 
7f704c648000-7f7053910000 ---p 00000000 00:00 0 
7f7053910000-7f705c000000 r--s 00000000 fe:03 17435435                   /usr/lib/jvm/java-11-openjdk-amd64/lib/modules
7f705c000000-7f705d2b8000 rw-p 00000000 00:00 0 
7f705d2b8000-7f7060000000 ---p 00000000 00:00 0 
7f7060003000-7f7060007000 r--p 00000000 fe:03 17435419                   /usr/lib/jvm/java-11-openjdk-amd64/lib/libnet.so
7f7060007000-7f7060016000 r-xp 00004000 fe:03 17435419                   /usr/lib/jvm/java-11-openjdk-amd64/lib/libnet.so
7f7060016000-7f706001a000 r--p 00013000 fe:03 17435419                   /usr/lib/jvm/java-11-openjdk-amd64/lib/libnet.so
7f706001a000-7f706001b000 r--p 00016000 fe:03 17435419                   /usr/lib/jvm/java-11-openjdk-amd64/lib/libnet.so
7f706001b000-7f706001c000 rw-p 00017000 fe:03 17435419                   /usr/lib/jvm/java-11-openjdk-amd64/lib/libnet.so
7f706001c000-7f7060023000 r--p 00000000 fe:03 17435420                   /usr/lib/jvm/java-11-openjdk-amd64/lib/libnio.so
7f7060023000-7f706002a000 r-xp 00007000 fe:03 17435420                   /usr/lib/jvm/java-11-openjdk-amd64/lib/libnio.so
7f706002a000-7f706002d000 r--p 0000e000 fe:03 17435420                   /usr/lib/jvm/java-11-openjdk-amd64/lib/libnio.so
7f706002d000-7f706002e000 r--p 00010000 fe:03 17435420                   /usr/lib/jvm/java-11-openjdk-amd64/lib/libnio.so
7f706002e000-7f706002f000 rw-p 00011000 fe:03 17435420                   /usr/lib/jvm/java-11-openjdk-amd64/lib/libnio.so
7f706002f000-7f70600f1000 rw-p 00000000 00:00 0 
7f70600f1000-7f706046b000 ---p 00000000 00:00 0 
7f706046b000-7f706046c000 rw-p 00000000 00:00 0 
7f706046c000-7f706066c000 ---p 00000000 00:00 0 
7f706066c000-7f7060a70000 rw-p 00000000 00:00 0 
7f7060a70000-7f7060a71000 ---p 00000000 00:00 0 
7f7060a71000-7f7060b77000 rw-p 00000000 00:00 0 
7f7060b77000-7f7060c5d000 ---p 00000000 00:00 0 
7f7060c5d000-7f7060c63000 rw-p 00000000 00:00 0 
7f7060c63000-7f7060d48000 ---p 00000000 00:00 0 
7f7060d48000-7f7060d4d000 rw-p 00000000 00:00 0 
7f7060d4d000-7f7060d54000 ---p 00000000 00:00 0 
7f7060d54000-7f7060d57000 r--p 00000000 fe:03 15205043                   /usr/lib/x86_64-linux-gnu/libnss_files-2.28.so
7f7060d57000-7f7060d5e000 r-xp 00003000 fe:03 15205043                   /usr/lib/x86_64-linux-gnu/libnss_files-2.28.so
7f7060d5e000-7f7060d60000 r--p 0000a000 fe:03 15205043                   /usr/lib/x86_64-linux-gnu/libnss_files-2.28.so
7f7060d60000-7f7060d61000 ---p 0000c000 fe:03 15205043                   /usr/lib/x86_64-linux-gnu/libnss_files-2.28.so
7f7060d61000-7f7060d62000 r--p 0000c000 fe:03 15205043                   /usr/lib/x86_64-linux-gnu/libnss_files-2.28.so
7f7060d62000-7f7060d63000 rw-p 0000d000 fe:03 15205043                   /usr/lib/x86_64-linux-gnu/libnss_files-2.28.so
7f7060d63000-7f7060d69000 rw-p 00000000 00:00 0 
7f7060d69000-7f7060d6c000 r--p 00000000 fe:03 17435414                   /usr/lib/jvm/java-11-openjdk-amd64/lib/libmanagement.so
7f7060d6c000-7f7060d6d000 r-xp 00003000 fe:03 17435414                   /usr/lib/jvm/java-11-openjdk-amd64/lib/libmanagement.so
7f7060d6d000-7f7060d6e000 r--p 00004000 fe:03 17435414                   /usr/lib/jvm/java-11-openjdk-amd64/lib/libmanagement.so
7f7060d6e000-7f7060d6f000 r--p 00004000 fe:03 17435414                   /usr/lib/jvm/java-11-openjdk-amd64/lib/libmanagement.so
7f7060d6f000-7f7060d70000 rw-p 00005000 fe:03 17435414                   /usr/lib/jvm/java-11-openjdk-amd64/lib/libmanagement.so
7f7060d70000-7f7060d72000 r--s 00007000 fe:03 15733326                   /usr/share/java/java-atk-wrapper.jar
7f7060d72000-7f7060d74000 r--p 00000000 fe:03 17435408                   /usr/lib/jvm/java-11-openjdk-amd64/lib/libjimage.so
7f7060d74000-7f7060d77000 r-xp 00002000 fe:03 17435408                   /usr/lib/jvm/java-11-openjdk-amd64/lib/libjimage.so
7f7060d77000-7f7060d79000 r--p 00005000 fe:03 17435408                   /usr/lib/jvm/java-11-openjdk-amd64/lib/libjimage.so
7f7060d79000-7f7060d7a000 r--p 00006000 fe:03 17435408                   /usr/lib/jvm/java-11-openjdk-amd64/lib/libjimage.so
7f7060d7a000-7f7060d7b000 rw-p 00007000 fe:03 17435408                   /usr/lib/jvm/java-11-openjdk-amd64/lib/libjimage.so
7f7060d7b000-7f7060d7d000 r--p 00000000 fe:03 17435434                   /usr/lib/jvm/java-11-openjdk-amd64/lib/libzip.so
7f7060d7d000-7f7060d81000 r-xp 00002000 fe:03 17435434                   /usr/lib/jvm/java-11-openjdk-amd64/lib/libzip.so
7f7060d81000-7f7060d83000 r--p 00006000 fe:03 17435434                   /usr/lib/jvm/java-11-openjdk-amd64/lib/libzip.so
7f7060d83000-7f7060d84000 r--p 00007000 fe:03 17435434                   /usr/lib/jvm/java-11-openjdk-amd64/lib/libzip.so
7f7060d84000-7f7060d85000 rw-p 00008000 fe:03 17435434                   /usr/lib/jvm/java-11-openjdk-amd64/lib/libzip.so
7f7060d85000-7f7060d92000 r--p 00000000 fe:03 17435404                   /usr/lib/jvm/java-11-openjdk-amd64/lib/libjava.so
7f7060d92000-7f7060da7000 r-xp 0000d000 fe:03 17435404                   /usr/lib/jvm/java-11-openjdk-amd64/lib/libjava.so
7f7060da7000-7f7060dae000 r--p 00022000 fe:03 17435404                   /usr/lib/jvm/java-11-openjdk-amd64/lib/libjava.so
7f7060dae000-7f7060daf000 r--p 00028000 fe:03 17435404                   /usr/lib/jvm/java-11-openjdk-amd64/lib/libjava.so
7f7060daf000-7f7060db1000 rw-p 00029000 fe:03 17435404                   /usr/lib/jvm/java-11-openjdk-amd64/lib/libjava.so
7f7060db1000-7f7060db3000 r--p 00000000 fe:03 15205051                   /usr/lib/x86_64-linux-gnu/librt-2.28.so
7f7060db3000-7f7060db7000 r-xp 00002000 fe:03 15205051                   /usr/lib/x86_64-linux-gnu/librt-2.28.so
7f7060db7000-7f7060db9000 r--p 00006000 fe:03 15205051                   /usr/lib/x86_64-linux-gnu/librt-2.28.so
7f7060db9000-7f7060dba000 r--p 00007000 fe:03 15205051                   /usr/lib/x86_64-linux-gnu/librt-2.28.so
7f7060dba000-7f7060dbb000 rw-p 00008000 fe:03 15205051                   /usr/lib/x86_64-linux-gnu/librt-2.28.so
7f7060dbb000-7f7060dbf000 ---p 00000000 00:00 0 
7f7060dbf000-7f7060ebc000 rw-p 00000000 00:00 0 
7f7060ebc000-7f7060ebf000 r--p 00000000 fe:03 15204366                   /usr/lib/x86_64-linux-gnu/libgcc_s.so.1
7f7060ebf000-7f7060ed0000 r-xp 00003000 fe:03 15204366                   /usr/lib/x86_64-linux-gnu/libgcc_s.so.1
7f7060ed0000-7f7060ed3000 r--p 00014000 fe:03 15204366                   /usr/lib/x86_64-linux-gnu/libgcc_s.so.1
7f7060ed3000-7f7060ed4000 ---p 00017000 fe:03 15204366                   /usr/lib/x86_64-linux-gnu/libgcc_s.so.1
7f7060ed4000-7f7060ed5000 r--p 00017000 fe:03 15204366                   /usr/lib/x86_64-linux-gnu/libgcc_s.so.1
7f7060ed5000-7f7060ed6000 rw-p 00018000 fe:03 15204366                   /usr/lib/x86_64-linux-gnu/libgcc_s.so.1
7f7060ed6000-7f7060ee3000 r--p 00000000 fe:03 15205034                   /usr/lib/x86_64-linux-gnu/libm-2.28.so
7f7060ee3000-7f7060f82000 r-xp 0000d000 fe:03 15205034                   /usr/lib/x86_64-linux-gnu/libm-2.28.so
7f7060f82000-7f7061057000 r--p 000ac000 fe:03 15205034                   /usr/lib/x86_64-linux-gnu/libm-2.28.so
7f7061057000-7f7061058000 r--p 00180000 fe:03 15205034                   /usr/lib/x86_64-linux-gnu/libm-2.28.so
7f7061058000-7f7061059000 rw-p 00181000 fe:03 15205034                   /usr/lib/x86_64-linux-gnu/libm-2.28.so
7f7061059000-7f70610e2000 r--p 00000000 fe:03 15204622                   /usr/lib/x86_64-linux-gnu/libstdc++.so.6.0.25
7f70610e2000-7f706118e000 r-xp 00089000 fe:03 15204622                   /usr/lib/x86_64-linux-gnu/libstdc++.so.6.0.25
7f706118e000-7f70611cc000 r--p 00135000 fe:03 15204622                   /usr/lib/x86_64-linux-gnu/libstdc++.so.6.0.25
7f70611cc000-7f70611cd000 ---p 00173000 fe:03 15204622                   /usr/lib/x86_64-linux-gnu/libstdc++.so.6.0.25
7f70611cd000-7f70611d7000 r--p 00173000 fe:03 15204622                   /usr/lib/x86_64-linux-gnu/libstdc++.so.6.0.25
7f70611d7000-7f70611d9000 rw-p 0017d000 fe:03 15204622                   /usr/lib/x86_64-linux-gnu/libstdc++.so.6.0.25
7f70611d9000-7f70611dd000 rw-p 00000000 00:00 0 
7f70611dd000-7f706144a000 r--p 00000000 fe:03 17435441                   /usr/lib/jvm/java-11-openjdk-amd64/lib/server/libjvm.so
7f706144a000-7f7061f76000 r-xp 0026d000 fe:03 17435441                   /usr/lib/jvm/java-11-openjdk-amd64/lib/server/libjvm.so
7f7061f76000-7f70621ae000 r--p 00d99000 fe:03 17435441                   /usr/lib/jvm/java-11-openjdk-amd64/lib/server/libjvm.so
7f70621ae000-7f706226b000 r--p 00fd0000 fe:03 17435441                   /usr/lib/jvm/java-11-openjdk-amd64/lib/server/libjvm.so
7f706226b000-7f70622a5000 rw-p 0108d000 fe:03 17435441                   /usr/lib/jvm/java-11-openjdk-amd64/lib/server/libjvm.so
7f70622a5000-7f70622fd000 rw-p 00000000 00:00 0 
7f70622fd000-7f706231f000 r--p 00000000 fe:03 15205031                   /usr/lib/x86_64-linux-gnu/libc-2.28.so
7f706231f000-7f7062467000 r-xp 00022000 fe:03 15205031                   /usr/lib/x86_64-linux-gnu/libc-2.28.so
7f7062467000-7f70624b3000 r--p 0016a000 fe:03 15205031                   /usr/lib/x86_64-linux-gnu/libc-2.28.so
7f70624b3000-7f70624b4000 ---p 001b6000 fe:03 15205031                   /usr/lib/x86_64-linux-gnu/libc-2.28.so
7f70624b4000-7f70624b8000 r--p 001b6000 fe:03 15205031                   /usr/lib/x86_64-linux-gnu/libc-2.28.so
7f70624b8000-7f70624ba000 rw-p 001ba000 fe:03 15205031                   /usr/lib/x86_64-linux-gnu/libc-2.28.so
7f70624ba000-7f70624be000 rw-p 00000000 00:00 0 
7f70624be000-7f70624bf000 r--p 00000000 fe:03 15205033                   /usr/lib/x86_64-linux-gnu/libdl-2.28.so
7f70624bf000-7f70624c0000 r-xp 00001000 fe:03 15205033                   /usr/lib/x86_64-linux-gnu/libdl-2.28.so
7f70624c0000-7f70624c1000 r--p 00002000 fe:03 15205033                   /usr/lib/x86_64-linux-gnu/libdl-2.28.so
7f70624c1000-7f70624c2000 r--p 00002000 fe:03 15205033                   /usr/lib/x86_64-linux-gnu/libdl-2.28.so
7f70624c2000-7f70624c3000 rw-p 00003000 fe:03 15205033                   /usr/lib/x86_64-linux-gnu/libdl-2.28.so
7f70624c3000-7f70624c6000 r--p 00000000 fe:03 17435383                   /usr/lib/jvm/java-11-openjdk-amd64/lib/jli/libjli.so
7f70624c6000-7f70624d0000 r-xp 00003000 fe:03 17435383                   /usr/lib/jvm/java-11-openjdk-amd64/lib/jli/libjli.so
7f70624d0000-7f70624d3000 r--p 0000d000 fe:03 17435383                   /usr/lib/jvm/java-11-openjdk-amd64/lib/jli/libjli.so
7f70624d3000-7f70624d4000 r--p 0000f000 fe:03 17435383                   /usr/lib/jvm/java-11-openjdk-amd64/lib/jli/libjli.so
7f70624d4000-7f70624d5000 rw-p 00010000 fe:03 17435383                   /usr/lib/jvm/java-11-openjdk-amd64/lib/jli/libjli.so
7f70624d5000-7f70624db000 r--p 00000000 fe:03 15205049                   /usr/lib/x86_64-linux-gnu/libpthread-2.28.so
7f70624db000-7f70624ea000 r-xp 00006000 fe:03 15205049                   /usr/lib/x86_64-linux-gnu/libpthread-2.28.so
7f70624ea000-7f70624f0000 r--p 00015000 fe:03 15205049                   /usr/lib/x86_64-linux-gnu/libpthread-2.28.so
7f70624f0000-7f70624f1000 r--p 0001a000 fe:03 15205049                   /usr/lib/x86_64-linux-gnu/libpthread-2.28.so
7f70624f1000-7f70624f2000 rw-p 0001b000 fe:03 15205049                   /usr/lib/x86_64-linux-gnu/libpthread-2.28.so
7f70624f2000-7f70624f6000 rw-p 00000000 00:00 0 
7f70624f6000-7f7062512000 r-xp 00000000 fe:03 15206607                   /usr/lib/x86_64-linux-gnu/libz.so.1.2.11
7f7062512000-7f7062712000 ---p 0001c000 fe:03 15206607                   /usr/lib/x86_64-linux-gnu/libz.so.1.2.11
7f7062712000-7f7062713000 r--p 0001c000 fe:03 15206607                   /usr/lib/x86_64-linux-gnu/libz.so.1.2.11
7f7062713000-7f7062714000 rw-p 0001d000 fe:03 15206607                   /usr/lib/x86_64-linux-gnu/libz.so.1.2.11
7f7062714000-7f7062716000 rw-p 00000000 00:00 0 
7f7062717000-7f706271f000 rw-s 00000000 fe:03 45482051                   /tmp/hsperfdata_user/11279
7f706271f000-7f7062720000 ---p 00000000 00:00 0 
7f7062720000-7f7062721000 r--p 00000000 00:00 0 
7f7062721000-7f7062726000 r--p 00000000 fe:03 17435433                   /usr/lib/jvm/java-11-openjdk-amd64/lib/libverify.so
7f7062726000-7f706272d000 r-xp 00005000 fe:03 17435433                   /usr/lib/jvm/java-11-openjdk-amd64/lib/libverify.so
7f706272d000-7f706272f000 r--p 0000c000 fe:03 17435433                   /usr/lib/jvm/java-11-openjdk-amd64/lib/libverify.so
7f706272f000-7f7062731000 r--p 0000d000 fe:03 17435433                   /usr/lib/jvm/java-11-openjdk-amd64/lib/libverify.so
7f7062731000-7f7062732000 rw-p 0000f000 fe:03 17435433                   /usr/lib/jvm/java-11-openjdk-amd64/lib/libverify.so
7f7062732000-7f7062733000 r--p 00000000 fe:03 15204368                   /usr/lib/x86_64-linux-gnu/ld-2.28.so
7f7062733000-7f7062751000 r-xp 00001000 fe:03 15204368                   /usr/lib/x86_64-linux-gnu/ld-2.28.so
7f7062751000-7f7062759000 r--p 0001f000 fe:03 15204368                   /usr/lib/x86_64-linux-gnu/ld-2.28.so
7f7062759000-7f706275a000 r--p 00026000 fe:03 15204368                   /usr/lib/x86_64-linux-gnu/ld-2.28.so
7f706275a000-7f706275b000 rw-p 00027000 fe:03 15204368                   /usr/lib/x86_64-linux-gnu/ld-2.28.so
7f706275b000-7f706275c000 rw-p 00000000 00:00 0 
7fffb8379000-7fffb839a000 rw-p 00000000 00:00 0                          [stack]
7fffb83cd000-7fffb83d0000 r--p 00000000 00:00 0                          [vvar]
7fffb83d0000-7fffb83d2000 r-xp 00000000 00:00 0                          [vdso]


VM Arguments:
java_command: /home/user/workspace/Opensilex/opensilex-dev/opensilex-sparql/target/surefire/surefirebooter13138669811324569844.jar /home/user/workspace/Opensilex/opensilex-dev/opensilex-sparql/target/surefire 2020-04-01T13-05-29_587-jvmRun1 surefire670656782970513458tmp surefire_110423793201679152938tmp
java_class_path (initial): /home/user/workspace/Opensilex/opensilex-dev/opensilex-sparql/target/surefire/surefirebooter13138669811324569844.jar
Launcher Type: SUN_STANDARD

[Global flags]
     intx CICompilerCount                          = 3                                         {product} {ergonomic}
     uint ConcGCThreads                            = 1                                         {product} {ergonomic}
     uint G1ConcRefinementThreads                  = 4                                         {product} {ergonomic}
   size_t G1HeapRegionSize                         = 1048576                                   {product} {ergonomic}
    uintx GCDrainStackTargetSize                   = 64                                        {product} {ergonomic}
   size_t InitialHeapSize                          = 197132288                                 {product} {ergonomic}
   size_t MarkStackSize                            = 4194304                                   {product} {ergonomic}
   size_t MaxHeapSize                              = 3139436544                                {product} {ergonomic}
   size_t MaxNewSize                               = 1883242496                                {product} {ergonomic}
   size_t MinHeapDeltaBytes                        = 1048576                                   {product} {ergonomic}
    uintx NonNMethodCodeHeapSize                   = 5830732                                {pd product} {ergonomic}
    uintx NonProfiledCodeHeapSize                  = 122913754                              {pd product} {ergonomic}
    uintx ProfiledCodeHeapSize                     = 122913754                              {pd product} {ergonomic}
    uintx ReservedCodeCacheSize                    = 251658240                              {pd product} {ergonomic}
     bool SegmentedCodeCache                       = true                                      {product} {ergonomic}
     bool UseCompressedClassPointers               = true                                 {lp64_product} {ergonomic}
     bool UseCompressedOops                        = true                                 {lp64_product} {ergonomic}
     bool UseG1GC                                  = true                                      {product} {ergonomic}

Logging:
Log output configuration:
 #0: stdout all=warning uptime,level,tags
 #1: stderr all=off uptime,level,tags

Environment Variables:
JAVA_HOME=/usr/lib/jvm/java-11-openjdk-amd64
PATH=/home/user/.local/bin:/usr/lib/jvm/java-11-openjdk-amd64/bin:/usr/local/bin:/usr/bin:/bin:/usr/local/games:/usr/games
USERNAME=user
SHELL=/bin/bash
DISPLAY=:0

Signal Handlers:
SIGSEGV: [libjvm.so+0xd26680], sa_mask[0]=11111111011111111101111111111110, sa_flags=SA_RESTART|SA_SIGINFO
SIGBUS: [libjvm.so+0xd26680], sa_mask[0]=11111111011111111101111111111110, sa_flags=SA_RESTART|SA_SIGINFO
SIGFPE: [libjvm.so+0xd26680], sa_mask[0]=11111111011111111101111111111110, sa_flags=SA_RESTART|SA_SIGINFO
SIGPIPE: [libjvm.so+0xb2c8b0], sa_mask[0]=11111111011111111101111111111110, sa_flags=SA_RESTART|SA_SIGINFO
SIGXFSZ: [libjvm.so+0xb2c8b0], sa_mask[0]=11111111011111111101111111111110, sa_flags=SA_RESTART|SA_SIGINFO
SIGILL: [libjvm.so+0xd26680], sa_mask[0]=11111111011111111101111111111110, sa_flags=SA_RESTART|SA_SIGINFO
SIGUSR2: [libjvm.so+0xb2c740], sa_mask[0]=00100000000000000000000000000000, sa_flags=SA_RESTART|SA_SIGINFO
SIGHUP: [libjvm.so+0xb2cbf0], sa_mask[0]=11111111011111111101111111111110, sa_flags=SA_RESTART|SA_SIGINFO
SIGINT: [libjvm.so+0xb2cbf0], sa_mask[0]=11111111011111111101111111111110, sa_flags=SA_RESTART|SA_SIGINFO
SIGTERM: [libjvm.so+0xb2cbf0], sa_mask[0]=11111111011111111101111111111110, sa_flags=SA_RESTART|SA_SIGINFO
SIGQUIT: [libjvm.so+0xb2cbf0], sa_mask[0]=11111111011111111101111111111110, sa_flags=SA_RESTART|SA_SIGINFO


---------------  S Y S T E M  ---------------

OS:PRETTY_NAME="Debian GNU/Linux 10 (buster)"
NAME="Debian GNU/Linux"
VERSION_ID="10"
VERSION="10 (buster)"
VERSION_CODENAME=buster
ID=debian
HOME_URL="https://www.debian.org/"
SUPPORT_URL="https://www.debian.org/support"
BUG_REPORT_URL="https://bugs.debian.org/"
uname:Linux 4.19.0-8-amd64 #1 SMP Debian 4.19.98-1 (2020-01-26) x86_64
libc:glibc 2.28 NPTL 2.28 
rlimit: STACK 8192k, CORE 0k, NPROC 47744, NOFILE 1048576, AS infinity, DATA infinity, FSIZE infinity
load average:2,27 2,01 1,65

/proc/meminfo:
MemTotal:       12257404 kB
MemFree:         2736964 kB
MemAvailable:    3966308 kB
Buffers:          169764 kB
Cached:          1342644 kB
SwapCached:         5492 kB
Active:          6782972 kB
Inactive:        2132164 kB
Active(anon):    6142876 kB
Inactive(anon):  1498360 kB
Active(file):     640096 kB
Inactive(file):   633804 kB
Unevictable:          96 kB
Mlocked:              96 kB
SwapTotal:       7811068 kB
SwapFree:        7767292 kB
Dirty:            116040 kB
Writeback:            12 kB
AnonPages:       7290540 kB
Mapped:           692028 kB
Shmem:            308384 kB
Slab:             368424 kB
SReclaimable:     274512 kB
SUnreclaim:        93912 kB
KernelStack:       20976 kB
PageTables:        57212 kB
NFS_Unstable:          0 kB
Bounce:                0 kB
WritebackTmp:          0 kB
CommitLimit:    13939768 kB
Committed_AS:   14818156 kB
VmallocTotal:   34359738367 kB
VmallocUsed:           0 kB
VmallocChunk:          0 kB
Percpu:             1712 kB
HardwareCorrupted:     0 kB
AnonHugePages:   3375104 kB
ShmemHugePages:        0 kB
ShmemPmdMapped:        0 kB
HugePages_Total:       0
HugePages_Free:        0
HugePages_Rsvd:        0
HugePages_Surp:        0
Hugepagesize:       2048 kB
Hugetlb:               0 kB
DirectMap4k:      476820 kB
DirectMap2M:    12064768 kB


/proc/sys/kernel/threads-max (system-wide limit on the number of threads):
95488


/proc/sys/vm/max_map_count (maximum number of memory map areas a process may have):
65530


/proc/sys/kernel/pid_max (system-wide limit on number of process identifiers):
32768



container (cgroup) information:
container_type: cgroupv1
cpu_cpuset_cpus: 0-3
cpu_memory_nodes: 0
active_processor_count: 4
cpu_quota: -1
cpu_period: 100000
cpu_shares: -1
memory_limit_in_bytes: -1
memory_and_swap_limit_in_bytes: -2
memory_soft_limit_in_bytes: -1
memory_usage_in_bytes: 2678812672
memory_max_usage_in_bytes: 2678812672

Steal ticks since vm start: 0
Steal ticks percentage since vm start:  0,000

CPU:total 4 (initial active 4) (4 cores per cpu, 1 threads per core) family 6 model 42 stepping 7, cmov, cx8, fxsr, mmx, sse, sse2, sse3, ssse3, sse4.1, sse4.2, popcnt, avx, aes, clmul, tsc, tscinvbit
CPU Model and flags from /proc/cpuinfo:
model name	: Intel(R) Core(TM) i5-2500K CPU @ 3.30GHz
flags		: fpu vme de pse tsc msr pae mce cx8 apic sep mtrr pge mca cmov pat pse36 clflush dts acpi mmx fxsr sse sse2 ss ht tm pbe syscall nx rdtscp lm constant_tsc arch_perfmon pebs bts rep_good nopl xtopology nonstop_tsc cpuid aperfmperf pni pclmulqdq dtes64 monitor ds_cpl vmx est tm2 ssse3 cx16 xtpr pdcm pcid sse4_1 sse4_2 popcnt tsc_deadline_timer aes xsave avx lahf_lm epb pti tpr_shadow vnmi flexpriority ept vpid xsaveopt dtherm ida arat pln pts

Memory: 4k page, physical 12257404k(2736964k free), swap 7811068k(7767292k free)

vm_info: OpenJDK 64-Bit Server VM (11.0.6+10-post-Debian-1deb10u1) for linux-amd64 JRE (11.0.6+10-post-Debian-1deb10u1), built on Jan 17 2020 00:09:03 by "unknown" with gcc 8.3.0

END.
